This file contains any messages produced by compilers while
running configure, to aid debugging if configure makes a mistake.

It was created by configure, which was
generated by GNU Autoconf 2.68.  Invocation command line was

  $ ./configure --disable-option-checking --prefix=/home/fallenworld/dev/android/build/sysroot/usr --host=arm-linux-androideabi host_alias=arm-linux-androideabi CFLAGS=-march=armv7-a -mfloat-abi=softfp -mfpu=vfpv3-d16 LDFLAGS=-march=armv7-a -Wl,--fix-cortex-a8 -L/home/fallenworld/dev/android/build/arm-linux-androideabi/lib --cache-file=/dev/null --srcdir=.

## --------- ##
## Platform. ##
## --------- ##

hostname = fallenworld-Lenovo-IdeaPad-Y410P
uname -m = x86_64
uname -r = 4.8.0-41-generic
uname -s = Linux
uname -v = #44-Ubuntu SMP Fri Mar 3 15:27:17 UTC 2017

/usr/bin/uname -p = unknown
/bin/uname -X     = unknown

/bin/arch              = unknown
/usr/bin/arch -k       = unknown
/usr/convex/getsysinfo = unknown
/usr/bin/hostinfo      = unknown
/bin/machine           = unknown
/usr/bin/oslevel       = unknown
/bin/universe          = unknown

PATH: /home/fallenworld/dev/android/build/bin
PATH: /home/fallenworld/bin
PATH: /home/fallenworld/.local/bin
PATH: /usr/local/sbin
PATH: /usr/local/bin
PATH: /usr/sbin
PATH: /usr/bin
PATH: /sbin
PATH: /bin
PATH: /usr/games
PATH: /usr/local/games
PATH: /snap/bin


## ----------- ##
## Core tests. ##
## ----------- ##

configure:2172: checking whether make sets $(MAKE)
configure:2194: result: yes
configure:2215: checking for arm-linux-androideabi-gcc
configure:2231: found /home/fallenworld/dev/android/build/bin/arm-linux-androideabi-gcc
configure:2242: result: arm-linux-androideabi-gcc
configure:2511: checking for C compiler version
configure:2520: arm-linux-androideabi-gcc --version >&5
arm-linux-androideabi-gcc (GCC) 4.9.x 20150123 (prerelease)
Copyright (C) 2014 Free Software Foundation, Inc.
This is free software; see the source for copying conditions.  There is NO
warranty; not even for MERCHANTABILITY or FITNESS FOR A PARTICULAR PURPOSE.

configure:2531: $? = 0
configure:2520: arm-linux-androideabi-gcc -v >&5
Using built-in specs.
COLLECT_GCC=arm-linux-androideabi-gcc
COLLECT_LTO_WRAPPER=/home/fallenworld/dev/android/build/bin/../libexec/gcc/arm-linux-androideabi/4.9.x/lto-wrapper
Target: arm-linux-androideabi
Configured with: /usr/local/google/buildbot/src/android/gcc/toolchain/build/../gcc/gcc-4.9/configure --prefix=/tmp/59719db9ae19ff43aef46bbcb79596b6 --target=arm-linux-androideabi --host=x86_64-linux-gnu --build=x86_64-linux-gnu --with-gnu-as --with-gnu-ld --enable-languages=c,c++ --with-gmp=/buildbot/tmp/build/toolchain/temp-install --with-mpfr=/buildbot/tmp/build/toolchain/temp-install --with-mpc=/buildbot/tmp/build/toolchain/temp-install --with-cloog=/buildbot/tmp/build/toolchain/temp-install --with-isl=/buildbot/tmp/build/toolchain/temp-install --with-ppl=/buildbot/tmp/build/toolchain/temp-install --disable-ppl-version-check --disable-cloog-version-check --disable-isl-version-check --enable-cloog-backend=isl --with-host-libstdcxx='-static-libgcc -Wl,-Bstatic,-lstdc++,-Bdynamic -lm' --disable-libssp --enable-threads --disable-nls --disable-libmudflap --disable-libgomp --disable-libstdc__-v3 --disable-sjlj-exceptions --disable-shared --disable-tls --disable-libitm --with-float=soft --with-fpu=vfp --with-arch=armv5te --enable-target-optspace --enable-bionic-libs --enable-libatomic-ifuncs=no --enable-initfini-array --disable-nls --prefix=/tmp/59719db9ae19ff43aef46bbcb79596b6 --with-sysroot=/tmp/59719db9ae19ff43aef46bbcb79596b6/sysroot --with-binutils-version=2.25 --with-mpfr-version=3.1.1 --with-mpc-version=1.0.1 --with-gmp-version=5.0.5 --with-gcc-version=4.9 --with-gdb-version=none --with-gxx-include-dir=/tmp/59719db9ae19ff43aef46bbcb79596b6/include/c++/4.9.x --with-bugurl=http://source.android.com/source/report-bugs.html --enable-languages=c,c++ --disable-bootstrap --enable-plugins --enable-libgomp --enable-gnu-indirect-function --disable-libsanitizer --enable-gold --enable-threads --enable-eh-frame-hdr-for-static --enable-graphite=yes --with-isl-version=0.11.1 --with-cloog-version=0.18.0 --with-arch=armv5te --program-transform-name='s&^&arm-linux-androideabi-&' --enable-gold=default
Thread model: posix
gcc version 4.9.x 20150123 (prerelease) (GCC) 
configure:2531: $? = 0
configure:2520: arm-linux-androideabi-gcc -V >&5
arm-linux-androideabi-gcc: error: unrecognized command line option '-V'
arm-linux-androideabi-gcc: fatal error: no input files
compilation terminated.
configure:2531: $? = 1
configure:2520: arm-linux-androideabi-gcc -qversion >&5
arm-linux-androideabi-gcc: error: unrecognized command line option '-qversion'
arm-linux-androideabi-gcc: fatal error: no input files
compilation terminated.
configure:2531: $? = 1
configure:2551: checking whether the C compiler works
configure:2573: arm-linux-androideabi-gcc -march=armv7-a -mfloat-abi=softfp -mfpu=vfpv3-d16  -march=armv7-a -Wl,--fix-cortex-a8 -L/home/fallenworld/dev/android/build/arm-linux-androideabi/lib conftest.c  >&5
configure:2577: $? = 0
configure:2625: result: yes
configure:2628: checking for C compiler default output file name
configure:2630: result: a.out
configure:2636: checking for suffix of executables
configure:2643: arm-linux-androideabi-gcc -o conftest -march=armv7-a -mfloat-abi=softfp -mfpu=vfpv3-d16  -march=armv7-a -Wl,--fix-cortex-a8 -L/home/fallenworld/dev/android/build/arm-linux-androideabi/lib conftest.c  >&5
configure:2647: $? = 0
configure:2669: result: 
configure:2691: checking whether we are cross compiling
configure:2699: arm-linux-androideabi-gcc -o conftest -march=armv7-a -mfloat-abi=softfp -mfpu=vfpv3-d16  -march=armv7-a -Wl,--fix-cortex-a8 -L/home/fallenworld/dev/android/build/arm-linux-androideabi/lib conftest.c  >&5
configure:2703: $? = 0
configure:2710: ./conftest
./configure: line 2712: ./conftest: cannot execute binary file: Exec format error
configure:2714: $? = 126
configure:2729: result: yes
configure:2734: checking for suffix of object files
configure:2756: arm-linux-androideabi-gcc -c -march=armv7-a -mfloat-abi=softfp -mfpu=vfpv3-d16  conftest.c >&5
configure:2760: $? = 0
configure:2781: result: o
configure:2785: checking whether we are using the GNU C compiler
configure:2804: arm-linux-androideabi-gcc -c -march=armv7-a -mfloat-abi=softfp -mfpu=vfpv3-d16  conftest.c >&5
configure:2804: $? = 0
configure:2813: result: yes
configure:2822: checking whether arm-linux-androideabi-gcc accepts -g
configure:2842: arm-linux-androideabi-gcc -c -g  conftest.c >&5
configure:2842: $? = 0
configure:2883: result: yes
configure:2900: checking for arm-linux-androideabi-gcc option to accept ISO C89
configure:2964: arm-linux-androideabi-gcc  -c -march=armv7-a -mfloat-abi=softfp -mfpu=vfpv3-d16  conftest.c >&5
configure:2964: $? = 0
configure:2977: result: none needed
configure:3002: checking how to run the C preprocessor
configure:3033: arm-linux-androideabi-gcc -E  conftest.c
configure:3033: $? = 0
configure:3047: arm-linux-androideabi-gcc -E  conftest.c
conftest.c:9:28: fatal error: ac_nonexistent.h: No such file or directory
 #include <ac_nonexistent.h>
                            ^
compilation terminated.
configure:3047: $? = 1
configure: failed program was:
| /* confdefs.h */
| #define PACKAGE_NAME ""
| #define PACKAGE_TARNAME ""
| #define PACKAGE_VERSION ""
| #define PACKAGE_STRING ""
| #define PACKAGE_BUGREPORT ""
| #define PACKAGE_URL ""
| /* end confdefs.h.  */
| #include <ac_nonexistent.h>
configure:3072: result: arm-linux-androideabi-gcc -E
configure:3092: arm-linux-androideabi-gcc -E  conftest.c
configure:3092: $? = 0
configure:3106: arm-linux-androideabi-gcc -E  conftest.c
conftest.c:9:28: fatal error: ac_nonexistent.h: No such file or directory
 #include <ac_nonexistent.h>
                            ^
compilation terminated.
configure:3106: $? = 1
configure: failed program was:
| /* confdefs.h */
| #define PACKAGE_NAME ""
| #define PACKAGE_TARNAME ""
| #define PACKAGE_VERSION ""
| #define PACKAGE_STRING ""
| #define PACKAGE_BUGREPORT ""
| #define PACKAGE_URL ""
| /* end confdefs.h.  */
| #include <ac_nonexistent.h>
configure:3148: checking for a BSD-compatible install
configure:3216: result: /usr/bin/install -c
configure:3233: checking build system type
configure:3247: result: x86_64-pc-linux-gnu
configure:3267: checking host system type
configure:3280: result: arm-unknown-linux-androideabi
configure:3303: checking whether to activate relocatable installation
configure:3318: result: no
configure:3352: checking whether ln -s works
configure:3356: result: yes
configure:3367: checking for grep that handles long lines and -e
configure:3425: result: /bin/grep
configure:3430: checking for egrep
configure:3492: result: /bin/grep -E
configure:3497: checking for ANSI C header files
configure:3517: arm-linux-androideabi-gcc -c -march=armv7-a -mfloat-abi=softfp -mfpu=vfpv3-d16  conftest.c >&5
configure:3517: $? = 0
configure:3601: result: yes
configure:3614: checking for sys/types.h
configure:3614: arm-linux-androideabi-gcc -c -march=armv7-a -mfloat-abi=softfp -mfpu=vfpv3-d16  conftest.c >&5
configure:3614: $? = 0
configure:3614: result: yes
configure:3614: checking for sys/stat.h
configure:3614: arm-linux-androideabi-gcc -c -march=armv7-a -mfloat-abi=softfp -mfpu=vfpv3-d16  conftest.c >&5
configure:3614: $? = 0
configure:3614: result: yes
configure:3614: checking for stdlib.h
configure:3614: arm-linux-androideabi-gcc -c -march=armv7-a -mfloat-abi=softfp -mfpu=vfpv3-d16  conftest.c >&5
configure:3614: $? = 0
configure:3614: result: yes
configure:3614: checking for string.h
configure:3614: arm-linux-androideabi-gcc -c -march=armv7-a -mfloat-abi=softfp -mfpu=vfpv3-d16  conftest.c >&5
configure:3614: $? = 0
configure:3614: result: yes
configure:3614: checking for memory.h
configure:3614: arm-linux-androideabi-gcc -c -march=armv7-a -mfloat-abi=softfp -mfpu=vfpv3-d16  conftest.c >&5
configure:3614: $? = 0
configure:3614: result: yes
configure:3614: checking for strings.h
configure:3614: arm-linux-androideabi-gcc -c -march=armv7-a -mfloat-abi=softfp -mfpu=vfpv3-d16  conftest.c >&5
configure:3614: $? = 0
configure:3614: result: yes
configure:3614: checking for inttypes.h
configure:3614: arm-linux-androideabi-gcc -c -march=armv7-a -mfloat-abi=softfp -mfpu=vfpv3-d16  conftest.c >&5
configure:3614: $? = 0
configure:3614: result: yes
configure:3614: checking for stdint.h
configure:3614: arm-linux-androideabi-gcc -c -march=armv7-a -mfloat-abi=softfp -mfpu=vfpv3-d16  conftest.c >&5
configure:3614: $? = 0
configure:3614: result: yes
configure:3614: checking for unistd.h
configure:3614: arm-linux-androideabi-gcc -c -march=armv7-a -mfloat-abi=softfp -mfpu=vfpv3-d16  conftest.c >&5
configure:3614: $? = 0
configure:3614: result: yes
configure:3629: checking minix/config.h usability
configure:3629: arm-linux-androideabi-gcc -c -march=armv7-a -mfloat-abi=softfp -mfpu=vfpv3-d16  conftest.c >&5
conftest.c:53:26: fatal error: minix/config.h: No such file or directory
 #include <minix/config.h>
                          ^
compilation terminated.
configure:3629: $? = 1
configure: failed program was:
| /* confdefs.h */
| #define PACKAGE_NAME ""
| #define PACKAGE_TARNAME ""
| #define PACKAGE_VERSION ""
| #define PACKAGE_STRING ""
| #define PACKAGE_BUGREPORT ""
| #define PACKAGE_URL ""
| #define INSTALLPREFIX "/home/fallenworld/dev/android/build/sysroot/usr"
| #define STDC_HEADERS 1
| #define HAVE_SYS_TYPES_H 1
| #define HAVE_SYS_STAT_H 1
| #define HAVE_STDLIB_H 1
| #define HAVE_STRING_H 1
| #define HAVE_MEMORY_H 1
| #define HAVE_STRINGS_H 1
| #define HAVE_INTTYPES_H 1
| #define HAVE_STDINT_H 1
| #define HAVE_UNISTD_H 1
| /* end confdefs.h.  */
| #include <stdio.h>
| #ifdef HAVE_SYS_TYPES_H
| # include <sys/types.h>
| #endif
| #ifdef HAVE_SYS_STAT_H
| # include <sys/stat.h>
| #endif
| #ifdef STDC_HEADERS
| # include <stdlib.h>
| # include <stddef.h>
| #else
| # ifdef HAVE_STDLIB_H
| #  include <stdlib.h>
| # endif
| #endif
| #ifdef HAVE_STRING_H
| # if !defined STDC_HEADERS && defined HAVE_MEMORY_H
| #  include <memory.h>
| # endif
| # include <string.h>
| #endif
| #ifdef HAVE_STRINGS_H
| # include <strings.h>
| #endif
| #ifdef HAVE_INTTYPES_H
| # include <inttypes.h>
| #endif
| #ifdef HAVE_STDINT_H
| # include <stdint.h>
| #endif
| #ifdef HAVE_UNISTD_H
| # include <unistd.h>
| #endif
| #include <minix/config.h>
configure:3629: result: no
configure:3629: checking minix/config.h presence
configure:3629: arm-linux-androideabi-gcc -E  conftest.c
conftest.c:20:26: fatal error: minix/config.h: No such file or directory
 #include <minix/config.h>
                          ^
compilation terminated.
configure:3629: $? = 1
configure: failed program was:
| /* confdefs.h */
| #define PACKAGE_NAME ""
| #define PACKAGE_TARNAME ""
| #define PACKAGE_VERSION ""
| #define PACKAGE_STRING ""
| #define PACKAGE_BUGREPORT ""
| #define PACKAGE_URL ""
| #define INSTALLPREFIX "/home/fallenworld/dev/android/build/sysroot/usr"
| #define STDC_HEADERS 1
| #define HAVE_SYS_TYPES_H 1
| #define HAVE_SYS_STAT_H 1
| #define HAVE_STDLIB_H 1
| #define HAVE_STRING_H 1
| #define HAVE_MEMORY_H 1
| #define HAVE_STRINGS_H 1
| #define HAVE_INTTYPES_H 1
| #define HAVE_STDINT_H 1
| #define HAVE_UNISTD_H 1
| /* end confdefs.h.  */
| #include <minix/config.h>
configure:3629: result: no
configure:3629: checking for minix/config.h
configure:3629: result: no
configure:3658: checking whether it is safe to define __EXTENSIONS__
configure:3676: arm-linux-androideabi-gcc -c -march=armv7-a -mfloat-abi=softfp -mfpu=vfpv3-d16  conftest.c >&5
configure:3676: $? = 0
configure:3683: result: yes
configure:3751: checking how to print strings
configure:3778: result: printf
configure:3799: checking for a sed that does not truncate output
configure:3863: result: /bin/sed
configure:3881: checking for fgrep
configure:3943: result: /bin/grep -F
configure:3978: checking for ld used by arm-linux-androideabi-gcc
configure:4045: result: /home/fallenworld/dev/android/build/arm-linux-androideabi/bin/ld
configure:4052: checking if the linker (/home/fallenworld/dev/android/build/arm-linux-androideabi/bin/ld) is GNU ld
configure:4067: result: yes
configure:4079: checking for BSD- or MS-compatible name lister (nm)
configure:4128: result: /home/fallenworld/dev/android/build/bin/arm-linux-androideabi-nm -B
configure:4258: checking the name lister (/home/fallenworld/dev/android/build/bin/arm-linux-androideabi-nm -B) interface
configure:4265: arm-linux-androideabi-gcc -c -march=armv7-a -mfloat-abi=softfp -mfpu=vfpv3-d16  conftest.c >&5
configure:4268: /home/fallenworld/dev/android/build/bin/arm-linux-androideabi-nm -B "conftest.o"
configure:4271: output
00000000 B some_variable
configure:4278: result: BSD nm
configure:4282: checking the maximum length of command line arguments
configure:4407: result: 1572864
configure:4424: checking whether the shell understands some XSI constructs
configure:4434: result: yes
configure:4438: checking whether the shell understands "+="
configure:4444: result: yes
configure:4479: checking how to convert x86_64-pc-linux-gnu file names to arm-unknown-linux-androideabi format
configure:4519: result: func_convert_file_noop
configure:4526: checking how to convert x86_64-pc-linux-gnu file names to toolchain format
configure:4546: result: func_convert_file_noop
configure:4553: checking for /home/fallenworld/dev/android/build/arm-linux-androideabi/bin/ld option to reload object files
configure:4560: result: -r
configure:4594: checking for arm-linux-androideabi-objdump
configure:4610: found /home/fallenworld/dev/android/build/bin/arm-linux-androideabi-objdump
configure:4621: result: arm-linux-androideabi-objdump
configure:4690: checking how to recognize dependent libraries
configure:4892: result: pass_all
configure:4937: checking for arm-linux-androideabi-dlltool
configure:4967: result: no
configure:4977: checking for dlltool
configure:5007: result: no
configure:5034: checking how to associate runtime and link libraries
configure:5061: result: printf %s\n
configure:5077: checking for arm-linux-androideabi-ar
configure:5093: found /home/fallenworld/dev/android/build/bin/arm-linux-androideabi-ar
configure:5104: result: arm-linux-androideabi-ar
configure:5185: checking for archiver @FILE support
configure:5202: arm-linux-androideabi-gcc -c -march=armv7-a -mfloat-abi=softfp -mfpu=vfpv3-d16  conftest.c >&5
configure:5202: $? = 0
configure:5205: arm-linux-androideabi-ar cru libconftest.a @conftest.lst >&5
configure:5208: $? = 0
configure:5213: arm-linux-androideabi-ar cru libconftest.a @conftest.lst >&5
arm-linux-androideabi-ar: conftest.o: No such file or directory
configure:5216: $? = 1
configure:5228: result: @
configure:5246: checking for arm-linux-androideabi-strip
configure:5262: found /home/fallenworld/dev/android/build/bin/arm-linux-androideabi-strip
configure:5273: result: arm-linux-androideabi-strip
configure:5345: checking for arm-linux-androideabi-ranlib
configure:5361: found /home/fallenworld/dev/android/build/bin/arm-linux-androideabi-ranlib
configure:5372: result: arm-linux-androideabi-ranlib
configure:5489: checking for gawk
configure:5519: result: no
configure:5489: checking for mawk
configure:5505: found /usr/bin/mawk
configure:5516: result: mawk
configure:5556: checking command to parse /home/fallenworld/dev/android/build/bin/arm-linux-androideabi-nm -B output from arm-linux-androideabi-gcc object
configure:5675: arm-linux-androideabi-gcc -c -march=armv7-a -mfloat-abi=softfp -mfpu=vfpv3-d16  conftest.c >&5
configure:5678: $? = 0
configure:5682: /home/fallenworld/dev/android/build/bin/arm-linux-androideabi-nm -B conftest.o \| sed -n -e 's/^.*[ ]\([ABCDGIRSTW][ABCDGIRSTW]*\)[ ][ ]*\([_A-Za-z][_A-Za-z0-9]*\)$/\1 \2 \2/p' | sed '/ __gnu_lto/d' \> conftest.nm
configure:5685: $? = 0
configure:5751: arm-linux-androideabi-gcc -o conftest -march=armv7-a -mfloat-abi=softfp -mfpu=vfpv3-d16  -march=armv7-a -Wl,--fix-cortex-a8 -L/home/fallenworld/dev/android/build/arm-linux-androideabi/lib conftest.c conftstm.o >&5
configure:5754: $? = 0
configure:5792: result: ok
configure:5829: checking for sysroot
configure:5859: result: no
configure:6062: checking for arm-linux-androideabi-mt
configure:6092: result: no
configure:6102: checking for mt
configure:6118: found /bin/mt
configure:6129: result: mt
configure:6141: WARNING: using cross tools not prefixed with host triplet
configure:6152: checking if mt is a manifest tool
configure:6158: mt '-?'
configure:6166: result: no
configure:6795: checking for dlfcn.h
configure:6795: arm-linux-androideabi-gcc -c -march=armv7-a -mfloat-abi=softfp -mfpu=vfpv3-d16  conftest.c >&5
configure:6795: $? = 0
configure:6795: result: yes
configure:7280: checking for objdir
configure:7295: result: .libs
configure:7566: checking if arm-linux-androideabi-gcc supports -fno-rtti -fno-exceptions
configure:7584: arm-linux-androideabi-gcc -c -march=armv7-a -mfloat-abi=softfp -mfpu=vfpv3-d16  -fno-rtti -fno-exceptions conftest.c >&5
cc1: warning: command line option '-fno-rtti' is valid for C++/ObjC++ but not for C
configure:7588: $? = 0
configure:7601: result: no
configure:7911: checking for arm-linux-androideabi-gcc option to produce PIC
configure:7918: result: -fPIC -DPIC
configure:7926: checking if arm-linux-androideabi-gcc PIC flag -fPIC -DPIC works
configure:7944: arm-linux-androideabi-gcc -c -march=armv7-a -mfloat-abi=softfp -mfpu=vfpv3-d16  -fPIC -DPIC -DPIC conftest.c >&5
configure:7948: $? = 0
configure:7961: result: yes
configure:7990: checking if arm-linux-androideabi-gcc static flag -static works
configure:8018: result: yes
configure:8033: checking if arm-linux-androideabi-gcc supports -c -o file.o
configure:8054: arm-linux-androideabi-gcc -c -march=armv7-a -mfloat-abi=softfp -mfpu=vfpv3-d16  -o out/conftest2.o conftest.c >&5
configure:8058: $? = 0
configure:8080: result: yes
configure:8088: checking if arm-linux-androideabi-gcc supports -c -o file.o
configure:8135: result: yes
configure:8168: checking whether the arm-linux-androideabi-gcc linker (/home/fallenworld/dev/android/build/arm-linux-androideabi/bin/ld) supports shared libraries
configure:9326: result: yes
configure:9363: checking whether -lc should be explicitly linked in
configure:9371: arm-linux-androideabi-gcc -c -march=armv7-a -mfloat-abi=softfp -mfpu=vfpv3-d16  conftest.c >&5
configure:9374: $? = 0
configure:9389: arm-linux-androideabi-gcc -shared  -fPIC -DPIC conftest.o  -v -Wl,-soname -Wl,conftest -o conftest 2\>\&1 \| /bin/grep  -lc  \>/dev/null 2\>\&1
configure:9392: $? = 0
configure:9406: result: no
configure:9571: checking dynamic linker characteristics
configure:10085: arm-linux-androideabi-gcc -o conftest -march=armv7-a -mfloat-abi=softfp -mfpu=vfpv3-d16  -march=armv7-a -Wl,--fix-cortex-a8 -L/home/fallenworld/dev/android/build/arm-linux-androideabi/lib -Wl,-rpath -Wl,/foo conftest.c  >&5
configure:10085: $? = 0
configure:10307: result: GNU/Linux ld.so
configure:10414: checking how to hardcode library paths into programs
configure:10439: result: immediate
configure:10979: checking whether stripping libraries is possible
configure:10984: result: yes
configure:11019: checking if libtool supports shared libraries
configure:11021: result: yes
configure:11024: checking whether to build shared libraries
configure:11045: result: yes
configure:11048: checking whether to build static libraries
configure:11052: result: no
configure:11092: checking whether the -Werror option is usable
configure:11111: arm-linux-androideabi-gcc -c -march=armv7-a -mfloat-abi=softfp -mfpu=vfpv3-d16 -Werror  conftest.c >&5
configure:11111: $? = 0
configure:11120: result: yes
configure:11122: checking for simple visibility declarations
configure:11149: arm-linux-androideabi-gcc -c -march=armv7-a -mfloat-abi=softfp -mfpu=vfpv3-d16 -fvisibility=hidden -Werror  conftest.c >&5
configure:11149: $? = 0
configure:11158: result: yes
configure:11335: creating ./config.status

## ---------------------- ##
## Running config.status. ##
## ---------------------- ##

This file was extended by config.status, which was
generated by GNU Autoconf 2.68.  Invocation command line was

  CONFIG_FILES    = 
  CONFIG_HEADERS  = 
  CONFIG_LINKS    = 
  CONFIG_COMMANDS = 
  $ ./config.status 

on fallenworld-Lenovo-IdeaPad-Y410P

config.status:987: creating Makefile
config.status:1153: executing libtool commands

## ---------------- ##
## Cache variables. ##
## ---------------- ##

ac_cv_build=x86_64-pc-linux-gnu
ac_cv_c_compiler_gnu=yes
ac_cv_env_CC_set=
ac_cv_env_CC_value=
ac_cv_env_CFLAGS_set=set
ac_cv_env_CFLAGS_value='-march=armv7-a -mfloat-abi=softfp -mfpu=vfpv3-d16'
ac_cv_env_CPPFLAGS_set=
ac_cv_env_CPPFLAGS_value=
ac_cv_env_CPP_set=
ac_cv_env_CPP_value=
ac_cv_env_LDFLAGS_set=set
ac_cv_env_LDFLAGS_value='-march=armv7-a -Wl,--fix-cortex-a8 -L/home/fallenworld/dev/android/build/arm-linux-androideabi/lib'
ac_cv_env_LIBS_set=
ac_cv_env_LIBS_value=
ac_cv_env_build_alias_set=
ac_cv_env_build_alias_value=
ac_cv_env_host_alias_set=set
ac_cv_env_host_alias_value=arm-linux-androideabi
ac_cv_env_target_alias_set=
ac_cv_env_target_alias_value=
ac_cv_header_dlfcn_h=yes
ac_cv_header_inttypes_h=yes
ac_cv_header_memory_h=yes
ac_cv_header_minix_config_h=no
ac_cv_header_stdc=yes
ac_cv_header_stdint_h=yes
ac_cv_header_stdlib_h=yes
ac_cv_header_string_h=yes
ac_cv_header_strings_h=yes
ac_cv_header_sys_stat_h=yes
ac_cv_header_sys_types_h=yes
ac_cv_header_unistd_h=yes
ac_cv_host=arm-unknown-linux-androideabi
ac_cv_objext=o
ac_cv_path_EGREP='/bin/grep -E'
ac_cv_path_FGREP='/bin/grep -F'
ac_cv_path_GREP=/bin/grep
ac_cv_path_SED=/bin/sed
ac_cv_path_install='/usr/bin/install -c'
ac_cv_prog_AR=arm-linux-androideabi-ar
ac_cv_prog_AWK=mawk
ac_cv_prog_CC=arm-linux-androideabi-gcc
ac_cv_prog_CPP='arm-linux-androideabi-gcc -E'
ac_cv_prog_OBJDUMP=arm-linux-androideabi-objdump
ac_cv_prog_RANLIB=arm-linux-androideabi-ranlib
ac_cv_prog_STRIP=arm-linux-androideabi-strip
ac_cv_prog_ac_ct_MANIFEST_TOOL=mt
ac_cv_prog_cc_c89=
ac_cv_prog_cc_g=yes
ac_cv_prog_make_make_set=yes
ac_cv_safe_to_define___extensions__=yes
gl_cv_cc_vis_werror=yes
gl_cv_cc_visibility=yes
lt_cv_ar_at_file=@
lt_cv_archive_cmds_need_lc=no
lt_cv_deplibs_check_method=pass_all
lt_cv_file_magic_cmd='$MAGIC_CMD'
lt_cv_file_magic_test_file=
lt_cv_ld_reload_flag=-r
lt_cv_nm_interface='BSD nm'
lt_cv_objdir=.libs
lt_cv_path_LD=/home/fallenworld/dev/android/build/arm-linux-androideabi/bin/ld
lt_cv_path_NM='/home/fallenworld/dev/android/build/bin/arm-linux-androideabi-nm -B'
lt_cv_path_mainfest_tool=no
lt_cv_prog_compiler_c_o=yes
lt_cv_prog_compiler_pic='-fPIC -DPIC'
lt_cv_prog_compiler_pic_works=yes
lt_cv_prog_compiler_rtti_exceptions=no
lt_cv_prog_compiler_static_works=yes
lt_cv_prog_gnu_ld=yes
lt_cv_sharedlib_from_linklib_cmd='printf %s\n'
lt_cv_shlibpath_overrides_runpath=no
lt_cv_sys_global_symbol_pipe='sed -n -e '\''s/^.*[	 ]\([ABCDGIRSTW][ABCDGIRSTW]*\)[	 ][	 ]*\([_A-Za-z][_A-Za-z0-9]*\)$/\1 \2 \2/p'\'' | sed '\''/ __gnu_lto/d'\'''
lt_cv_sys_global_symbol_to_c_name_address='sed -n -e '\''s/^: \([^ ]*\)[ ]*$/  {\"\1\", (void *) 0},/p'\'' -e '\''s/^[ABCDGIRSTW]* \([^ ]*\) \([^ ]*\)$/  {"\2", (void *) \&\2},/p'\'''
lt_cv_sys_global_symbol_to_c_name_address_lib_prefix='sed -n -e '\''s/^: \([^ ]*\)[ ]*$/  {\"\1\", (void *) 0},/p'\'' -e '\''s/^[ABCDGIRSTW]* \([^ ]*\) \(lib[^ ]*\)$/  {"\2", (void *) \&\2},/p'\'' -e '\''s/^[ABCDGIRSTW]* \([^ ]*\) \([^ ]*\)$/  {"lib\2", (void *) \&\2},/p'\'''
lt_cv_sys_global_symbol_to_cdecl='sed -n -e '\''s/^T .* \(.*\)$/extern int \1();/p'\'' -e '\''s/^[ABCDGIRSTW]* .* \(.*\)$/extern char \1;/p'\'''
lt_cv_sys_max_cmd_len=1572864
lt_cv_to_host_file_cmd=func_convert_file_noop
lt_cv_to_tool_file_cmd=func_convert_file_noop

## ----------------- ##
## Output variables. ##
## ----------------- ##

AR='arm-linux-androideabi-ar'
AS='as'
AWK='mawk'
CC='arm-linux-androideabi-gcc'
CFLAGS='-march=armv7-a -mfloat-abi=softfp -mfpu=vfpv3-d16'
CFLAG_VISIBILITY='-fvisibility=hidden'
CPP='arm-linux-androideabi-gcc -E'
CPPFLAGS=''
DEFS='-DPACKAGE_NAME=\"\" -DPACKAGE_TARNAME=\"\" -DPACKAGE_VERSION=\"\" -DPACKAGE_STRING=\"\" -DPACKAGE_BUGREPORT=\"\" -DPACKAGE_URL=\"\" -DINSTALLPREFIX=\"/home/fallenworld/dev/android/build/sysroot/usr\" -DSTDC_HEADERS=1 -DHAVE_SYS_TYPES_H=1 -DHAVE_SYS_STAT_H=1 -DHAVE_STDLIB_H=1 -DHAVE_STRING_H=1 -DHAVE_MEMORY_H=1 -DHAVE_STRINGS_H=1 -DHAVE_INTTYPES_H=1 -DHAVE_STDINT_H=1 -DHAVE_UNISTD_H=1 -D__EXTENSIONS__=1 -D_ALL_SOURCE=1 -D_GNU_SOURCE=1 -D_POSIX_PTHREAD_SEMANTICS=1 -D_TANDEM_SOURCE=1 -DHAVE_DLFCN_H=1 -DLT_OBJDIR=\".libs/\" -DHAVE_VISIBILITY=1'
DLLTOOL='false'
DSYMUTIL=''
DUMPBIN=''
ECHO_C=''
ECHO_N='-n'
ECHO_T=''
EGREP='/bin/grep -E'
EXEEXT=''
FGREP='/bin/grep -F'
GREP='/bin/grep'
HAVE_VISIBILITY='1'
INSTALL_DATA='${INSTALL} -m 644'
INSTALL_PROGRAM='${INSTALL}'
INSTALL_SCRIPT='${INSTALL}'
LD='/home/fallenworld/dev/android/build/arm-linux-androideabi/bin/ld'
LDFLAGS='-march=armv7-a -Wl,--fix-cortex-a8 -L/home/fallenworld/dev/android/build/arm-linux-androideabi/lib'
LIBOBJS=''
LIBS=''
LIBTOOL='/bin/bash $(top_builddir)/libtool'
LIPO=''
LN_S='ln -s'
LTLIBOBJS=''
MANIFEST_TOOL=':'
NM='/home/fallenworld/dev/android/build/bin/arm-linux-androideabi-nm -B'
NMEDIT=''
OBJDUMP='arm-linux-androideabi-objdump'
OBJEXT='o'
OTOOL64=''
OTOOL=''
PACKAGE=''
PACKAGE_BUGREPORT=''
PACKAGE_NAME=''
PACKAGE_STRING=''
PACKAGE_TARNAME=''
PACKAGE_URL=''
PACKAGE_VERSION=''
PATH_SEPARATOR=':'
PLUGLIB='preloadable_libiconv.so'
RANLIB='arm-linux-androideabi-ranlib'
RELOCATABLE='no'
SED='/bin/sed'
SET_MAKE=''
SHELL='/bin/bash'
STRIP='arm-linux-androideabi-strip'
VERSION=''
ac_ct_AR=''
ac_ct_CC=''
ac_ct_DUMPBIN=''
bindir='${exec_prefix}/bin'
build='x86_64-pc-linux-gnu'
build_alias=''
build_cpu='x86_64'
build_os='linux-gnu'
build_vendor='pc'
datadir='${datarootdir}'
datarootdir='${prefix}/share'
docdir='${datarootdir}/doc/${PACKAGE}'
dvidir='${docdir}'
exec_prefix='${prefix}'
host='arm-unknown-linux-androideabi'
host_alias='arm-linux-androideabi'
host_cpu='arm'
host_os='linux-androideabi'
host_vendor='unknown'
htmldir='${docdir}'
includedir='${prefix}/include'
infodir='${datarootdir}/info'
libdir='${exec_prefix}/lib'
libexecdir='${exec_prefix}/libexec'
localedir='${datarootdir}/locale'
localstatedir='${prefix}/var'
mandir='${datarootdir}/man'
oldincludedir='/usr/include'
pdfdir='${docdir}'
prefix='/home/fallenworld/dev/android/build/sysroot/usr'
program_transform_name='s,x,x,'
psdir='${docdir}'
sbindir='${exec_prefix}/sbin'
sharedstatedir='${prefix}/com'
sysconfdir='${prefix}/etc'
target_alias=''

## ----------- ##
## confdefs.h. ##
## ----------- ##

/* confdefs.h */
#define PACKAGE_NAME ""
#define PACKAGE_TARNAME ""
#define PACKAGE_VERSION ""
#define PACKAGE_STRING ""
#define PACKAGE_BUGREPORT ""
#define PACKAGE_URL ""
#define INSTALLPREFIX "/home/fallenworld/dev/android/build/sysroot/usr"
#define STDC_HEADERS 1
#define HAVE_SYS_TYPES_H 1
#define HAVE_SYS_STAT_H 1
#define HAVE_STDLIB_H 1
#define HAVE_STRING_H 1
#define HAVE_MEMORY_H 1
#define HAVE_STRINGS_H 1
#define HAVE_INTTYPES_H 1
#define HAVE_STDINT_H 1
#define HAVE_UNISTD_H 1
#define __EXTENSIONS__ 1
#define _ALL_SOURCE 1
#define _GNU_SOURCE 1
#define _POSIX_PTHREAD_SEMANTICS 1
#define _TANDEM_SOURCE 1
#define HAVE_DLFCN_H 1
#define LT_OBJDIR ".libs/"
#define HAVE_VISIBILITY 1

configure: exit 0
