This file contains any messages produced by compilers while
running configure, to aid debugging if configure makes a mistake.

It was created by PCRE configure 8.40, which was
generated by GNU Autoconf 2.69.  Invocation command line was

  $ ./configure --prefix=/home/fallenworld/dev/android/build/sysroot/usr --host=arm-linux-androideabi

## --------- ##
## Platform. ##
## --------- ##

hostname = fallenworld-Lenovo-IdeaPad-Y410P
uname -m = x86_64
uname -r = 4.8.0-41-generic
uname -s = Linux
uname -v = #44-Ubuntu SMP Fri Mar 3 15:27:17 UTC 2017

/usr/bin/uname -p = unknown
/bin/uname -X     = unknown

/bin/arch              = unknown
/usr/bin/arch -k       = unknown
/usr/convex/getsysinfo = unknown
/usr/bin/hostinfo      = unknown
/bin/machine           = unknown
/usr/bin/oslevel       = unknown
/bin/universe          = unknown

PATH: /home/fallenworld/dev/android/build/bin
PATH: /home/fallenworld/bin
PATH: /home/fallenworld/.local/bin
PATH: /usr/local/sbin
PATH: /usr/local/bin
PATH: /usr/sbin
PATH: /usr/bin
PATH: /sbin
PATH: /bin
PATH: /usr/games
PATH: /usr/local/games
PATH: /snap/bin


## ----------- ##
## Core tests. ##
## ----------- ##

configure:2828: checking for a BSD-compatible install
configure:2896: result: /usr/bin/install -c
configure:2907: checking whether build environment is sane
configure:2962: result: yes
configure:3021: checking for arm-linux-androideabi-strip
configure:3037: found /home/fallenworld/dev/android/build/bin/arm-linux-androideabi-strip
configure:3048: result: arm-linux-androideabi-strip
configure:3113: checking for a thread-safe mkdir -p
configure:3152: result: /bin/mkdir -p
configure:3159: checking for gawk
configure:3189: result: no
configure:3159: checking for mawk
configure:3175: found /usr/bin/mawk
configure:3186: result: mawk
configure:3197: checking whether make sets $(MAKE)
configure:3219: result: yes
configure:3248: checking whether make supports nested variables
configure:3265: result: yes
configure:3402: checking whether make supports nested variables
configure:3419: result: yes
configure:3446: checking for style of include used by make
configure:3474: result: GNU
configure:3505: checking for arm-linux-androideabi-gcc
configure:3521: found /home/fallenworld/dev/android/build/bin/arm-linux-androideabi-gcc
configure:3532: result: arm-linux-androideabi-gcc
configure:3801: checking for C compiler version
configure:3810: arm-linux-androideabi-gcc --version >&5
arm-linux-androideabi-gcc (GCC) 4.9.x 20150123 (prerelease)
Copyright (C) 2014 Free Software Foundation, Inc.
This is free software; see the source for copying conditions.  There is NO
warranty; not even for MERCHANTABILITY or FITNESS FOR A PARTICULAR PURPOSE.

configure:3821: $? = 0
configure:3810: arm-linux-androideabi-gcc -v >&5
Using built-in specs.
COLLECT_GCC=arm-linux-androideabi-gcc
COLLECT_LTO_WRAPPER=/home/fallenworld/dev/android/build/bin/../libexec/gcc/arm-linux-androideabi/4.9.x/lto-wrapper
Target: arm-linux-androideabi
Configured with: /usr/local/google/buildbot/src/android/gcc/toolchain/build/../gcc/gcc-4.9/configure --prefix=/tmp/59719db9ae19ff43aef46bbcb79596b6 --target=arm-linux-androideabi --host=x86_64-linux-gnu --build=x86_64-linux-gnu --with-gnu-as --with-gnu-ld --enable-languages=c,c++ --with-gmp=/buildbot/tmp/build/toolchain/temp-install --with-mpfr=/buildbot/tmp/build/toolchain/temp-install --with-mpc=/buildbot/tmp/build/toolchain/temp-install --with-cloog=/buildbot/tmp/build/toolchain/temp-install --with-isl=/buildbot/tmp/build/toolchain/temp-install --with-ppl=/buildbot/tmp/build/toolchain/temp-install --disable-ppl-version-check --disable-cloog-version-check --disable-isl-version-check --enable-cloog-backend=isl --with-host-libstdcxx='-static-libgcc -Wl,-Bstatic,-lstdc++,-Bdynamic -lm' --disable-libssp --enable-threads --disable-nls --disable-libmudflap --disable-libgomp --disable-libstdc__-v3 --disable-sjlj-exceptions --disable-shared --disable-tls --disable-libitm --with-float=soft --with-fpu=vfp --with-arch=armv5te --enable-target-optspace --enable-bionic-libs --enable-libatomic-ifuncs=no --enable-initfini-array --disable-nls --prefix=/tmp/59719db9ae19ff43aef46bbcb79596b6 --with-sysroot=/tmp/59719db9ae19ff43aef46bbcb79596b6/sysroot --with-binutils-version=2.25 --with-mpfr-version=3.1.1 --with-mpc-version=1.0.1 --with-gmp-version=5.0.5 --with-gcc-version=4.9 --with-gdb-version=none --with-gxx-include-dir=/tmp/59719db9ae19ff43aef46bbcb79596b6/include/c++/4.9.x --with-bugurl=http://source.android.com/source/report-bugs.html --enable-languages=c,c++ --disable-bootstrap --enable-plugins --enable-libgomp --enable-gnu-indirect-function --disable-libsanitizer --enable-gold --enable-threads --enable-eh-frame-hdr-for-static --enable-graphite=yes --with-isl-version=0.11.1 --with-cloog-version=0.18.0 --with-arch=armv5te --program-transform-name='s&^&arm-linux-androideabi-&' --enable-gold=default
Thread model: posix
gcc version 4.9.x 20150123 (prerelease) (GCC) 
configure:3821: $? = 0
configure:3810: arm-linux-androideabi-gcc -V >&5
arm-linux-androideabi-gcc: error: unrecognized command line option '-V'
arm-linux-androideabi-gcc: fatal error: no input files
compilation terminated.
configure:3821: $? = 1
configure:3810: arm-linux-androideabi-gcc -qversion >&5
arm-linux-androideabi-gcc: error: unrecognized command line option '-qversion'
arm-linux-androideabi-gcc: fatal error: no input files
compilation terminated.
configure:3821: $? = 1
configure:3841: checking whether the C compiler works
configure:3863: arm-linux-androideabi-gcc -march=armv7-a -mfloat-abi=softfp -mfpu=vfpv3-d16  -march=armv7-a -Wl,--fix-cortex-a8 -L/home/fallenworld/dev/android/build/arm-linux-androideabi/lib conftest.c  >&5
configure:3867: $? = 0
configure:3915: result: yes
configure:3918: checking for C compiler default output file name
configure:3920: result: a.out
configure:3926: checking for suffix of executables
configure:3933: arm-linux-androideabi-gcc -o conftest -march=armv7-a -mfloat-abi=softfp -mfpu=vfpv3-d16  -march=armv7-a -Wl,--fix-cortex-a8 -L/home/fallenworld/dev/android/build/arm-linux-androideabi/lib conftest.c  >&5
configure:3937: $? = 0
configure:3959: result: 
configure:3981: checking whether we are cross compiling
configure:3989: arm-linux-androideabi-gcc -o conftest -march=armv7-a -mfloat-abi=softfp -mfpu=vfpv3-d16  -march=armv7-a -Wl,--fix-cortex-a8 -L/home/fallenworld/dev/android/build/arm-linux-androideabi/lib conftest.c  >&5
configure:3993: $? = 0
configure:4000: ./conftest
./configure: line 4002: ./conftest: cannot execute binary file: Exec format error
configure:4004: $? = 126
configure:4019: result: yes
configure:4024: checking for suffix of object files
configure:4046: arm-linux-androideabi-gcc -c -march=armv7-a -mfloat-abi=softfp -mfpu=vfpv3-d16  conftest.c >&5
configure:4050: $? = 0
configure:4071: result: o
configure:4075: checking whether we are using the GNU C compiler
configure:4094: arm-linux-androideabi-gcc -c -march=armv7-a -mfloat-abi=softfp -mfpu=vfpv3-d16  conftest.c >&5
configure:4094: $? = 0
configure:4103: result: yes
configure:4112: checking whether arm-linux-androideabi-gcc accepts -g
configure:4132: arm-linux-androideabi-gcc -c -g  conftest.c >&5
configure:4132: $? = 0
configure:4173: result: yes
configure:4190: checking for arm-linux-androideabi-gcc option to accept ISO C89
configure:4253: arm-linux-androideabi-gcc  -c -march=armv7-a -mfloat-abi=softfp -mfpu=vfpv3-d16  conftest.c >&5
configure:4253: $? = 0
configure:4266: result: none needed
configure:4291: checking whether arm-linux-androideabi-gcc understands -c and -o together
configure:4313: arm-linux-androideabi-gcc -c conftest.c -o conftest2.o
configure:4316: $? = 0
configure:4313: arm-linux-androideabi-gcc -c conftest.c -o conftest2.o
configure:4316: $? = 0
configure:4328: result: yes
configure:4347: checking dependency style of arm-linux-androideabi-gcc
configure:4458: result: gcc3
configure:4479: checking for arm-linux-androideabi-ar
configure:4495: found /home/fallenworld/dev/android/build/bin/arm-linux-androideabi-ar
configure:4506: result: arm-linux-androideabi-ar
configure:4576: checking the archiver (arm-linux-androideabi-ar) interface
configure:4592: arm-linux-androideabi-gcc -c -march=armv7-a -mfloat-abi=softfp -mfpu=vfpv3-d16  conftest.c >&5
configure:4592: $? = 0
configure:4594: arm-linux-androideabi-ar cru libconftest.a conftest.o >&5
configure:4597: $? = 0
configure:4625: result: ar
configure:4670: checking for arm-linux-androideabi-gcc
configure:4697: result: arm-linux-androideabi-gcc
configure:4966: checking for C compiler version
configure:4975: arm-linux-androideabi-gcc --version >&5
arm-linux-androideabi-gcc (GCC) 4.9.x 20150123 (prerelease)
Copyright (C) 2014 Free Software Foundation, Inc.
This is free software; see the source for copying conditions.  There is NO
warranty; not even for MERCHANTABILITY or FITNESS FOR A PARTICULAR PURPOSE.

configure:4986: $? = 0
configure:4975: arm-linux-androideabi-gcc -v >&5
Using built-in specs.
COLLECT_GCC=arm-linux-androideabi-gcc
COLLECT_LTO_WRAPPER=/home/fallenworld/dev/android/build/bin/../libexec/gcc/arm-linux-androideabi/4.9.x/lto-wrapper
Target: arm-linux-androideabi
Configured with: /usr/local/google/buildbot/src/android/gcc/toolchain/build/../gcc/gcc-4.9/configure --prefix=/tmp/59719db9ae19ff43aef46bbcb79596b6 --target=arm-linux-androideabi --host=x86_64-linux-gnu --build=x86_64-linux-gnu --with-gnu-as --with-gnu-ld --enable-languages=c,c++ --with-gmp=/buildbot/tmp/build/toolchain/temp-install --with-mpfr=/buildbot/tmp/build/toolchain/temp-install --with-mpc=/buildbot/tmp/build/toolchain/temp-install --with-cloog=/buildbot/tmp/build/toolchain/temp-install --with-isl=/buildbot/tmp/build/toolchain/temp-install --with-ppl=/buildbot/tmp/build/toolchain/temp-install --disable-ppl-version-check --disable-cloog-version-check --disable-isl-version-check --enable-cloog-backend=isl --with-host-libstdcxx='-static-libgcc -Wl,-Bstatic,-lstdc++,-Bdynamic -lm' --disable-libssp --enable-threads --disable-nls --disable-libmudflap --disable-libgomp --disable-libstdc__-v3 --disable-sjlj-exceptions --disable-shared --disable-tls --disable-libitm --with-float=soft --with-fpu=vfp --with-arch=armv5te --enable-target-optspace --enable-bionic-libs --enable-libatomic-ifuncs=no --enable-initfini-array --disable-nls --prefix=/tmp/59719db9ae19ff43aef46bbcb79596b6 --with-sysroot=/tmp/59719db9ae19ff43aef46bbcb79596b6/sysroot --with-binutils-version=2.25 --with-mpfr-version=3.1.1 --with-mpc-version=1.0.1 --with-gmp-version=5.0.5 --with-gcc-version=4.9 --with-gdb-version=none --with-gxx-include-dir=/tmp/59719db9ae19ff43aef46bbcb79596b6/include/c++/4.9.x --with-bugurl=http://source.android.com/source/report-bugs.html --enable-languages=c,c++ --disable-bootstrap --enable-plugins --enable-libgomp --enable-gnu-indirect-function --disable-libsanitizer --enable-gold --enable-threads --enable-eh-frame-hdr-for-static --enable-graphite=yes --with-isl-version=0.11.1 --with-cloog-version=0.18.0 --with-arch=armv5te --program-transform-name='s&^&arm-linux-androideabi-&' --enable-gold=default
Thread model: posix
gcc version 4.9.x 20150123 (prerelease) (GCC) 
configure:4986: $? = 0
configure:4975: arm-linux-androideabi-gcc -V >&5
arm-linux-androideabi-gcc: error: unrecognized command line option '-V'
arm-linux-androideabi-gcc: fatal error: no input files
compilation terminated.
configure:4986: $? = 1
configure:4975: arm-linux-androideabi-gcc -qversion >&5
arm-linux-androideabi-gcc: error: unrecognized command line option '-qversion'
arm-linux-androideabi-gcc: fatal error: no input files
compilation terminated.
configure:4986: $? = 1
configure:4990: checking whether we are using the GNU C compiler
configure:5018: result: yes
configure:5027: checking whether arm-linux-androideabi-gcc accepts -g
configure:5088: result: yes
configure:5105: checking for arm-linux-androideabi-gcc option to accept ISO C89
configure:5181: result: none needed
configure:5206: checking whether arm-linux-androideabi-gcc understands -c and -o together
configure:5243: result: yes
configure:5262: checking dependency style of arm-linux-androideabi-gcc
configure:5373: result: gcc3
configure:5402: checking for arm-linux-androideabi-g++
configure:5418: found /home/fallenworld/dev/android/build/bin/arm-linux-androideabi-g++
configure:5429: result: arm-linux-androideabi-g++
configure:5500: checking for C++ compiler version
configure:5509: arm-linux-androideabi-g++ --version >&5
arm-linux-androideabi-g++ (GCC) 4.9.x 20150123 (prerelease)
Copyright (C) 2014 Free Software Foundation, Inc.
This is free software; see the source for copying conditions.  There is NO
warranty; not even for MERCHANTABILITY or FITNESS FOR A PARTICULAR PURPOSE.

configure:5520: $? = 0
configure:5509: arm-linux-androideabi-g++ -v >&5
Using built-in specs.
COLLECT_GCC=arm-linux-androideabi-g++
COLLECT_LTO_WRAPPER=/home/fallenworld/dev/android/build/bin/../libexec/gcc/arm-linux-androideabi/4.9.x/lto-wrapper
Target: arm-linux-androideabi
Configured with: /usr/local/google/buildbot/src/android/gcc/toolchain/build/../gcc/gcc-4.9/configure --prefix=/tmp/59719db9ae19ff43aef46bbcb79596b6 --target=arm-linux-androideabi --host=x86_64-linux-gnu --build=x86_64-linux-gnu --with-gnu-as --with-gnu-ld --enable-languages=c,c++ --with-gmp=/buildbot/tmp/build/toolchain/temp-install --with-mpfr=/buildbot/tmp/build/toolchain/temp-install --with-mpc=/buildbot/tmp/build/toolchain/temp-install --with-cloog=/buildbot/tmp/build/toolchain/temp-install --with-isl=/buildbot/tmp/build/toolchain/temp-install --with-ppl=/buildbot/tmp/build/toolchain/temp-install --disable-ppl-version-check --disable-cloog-version-check --disable-isl-version-check --enable-cloog-backend=isl --with-host-libstdcxx='-static-libgcc -Wl,-Bstatic,-lstdc++,-Bdynamic -lm' --disable-libssp --enable-threads --disable-nls --disable-libmudflap --disable-libgomp --disable-libstdc__-v3 --disable-sjlj-exceptions --disable-shared --disable-tls --disable-libitm --with-float=soft --with-fpu=vfp --with-arch=armv5te --enable-target-optspace --enable-bionic-libs --enable-libatomic-ifuncs=no --enable-initfini-array --disable-nls --prefix=/tmp/59719db9ae19ff43aef46bbcb79596b6 --with-sysroot=/tmp/59719db9ae19ff43aef46bbcb79596b6/sysroot --with-binutils-version=2.25 --with-mpfr-version=3.1.1 --with-mpc-version=1.0.1 --with-gmp-version=5.0.5 --with-gcc-version=4.9 --with-gdb-version=none --with-gxx-include-dir=/tmp/59719db9ae19ff43aef46bbcb79596b6/include/c++/4.9.x --with-bugurl=http://source.android.com/source/report-bugs.html --enable-languages=c,c++ --disable-bootstrap --enable-plugins --enable-libgomp --enable-gnu-indirect-function --disable-libsanitizer --enable-gold --enable-threads --enable-eh-frame-hdr-for-static --enable-graphite=yes --with-isl-version=0.11.1 --with-cloog-version=0.18.0 --with-arch=armv5te --program-transform-name='s&^&arm-linux-androideabi-&' --enable-gold=default
Thread model: posix
gcc version 4.9.x 20150123 (prerelease) (GCC) 
configure:5520: $? = 0
configure:5509: arm-linux-androideabi-g++ -V >&5
arm-linux-androideabi-g++: error: unrecognized command line option '-V'
arm-linux-androideabi-g++: fatal error: no input files
compilation terminated.
configure:5520: $? = 1
configure:5509: arm-linux-androideabi-g++ -qversion >&5
arm-linux-androideabi-g++: error: unrecognized command line option '-qversion'
arm-linux-androideabi-g++: fatal error: no input files
compilation terminated.
configure:5520: $? = 1
configure:5524: checking whether we are using the GNU C++ compiler
configure:5543: arm-linux-androideabi-g++ -c -std=c++11  conftest.cpp >&5
configure:5543: $? = 0
configure:5552: result: yes
configure:5561: checking whether arm-linux-androideabi-g++ accepts -g
configure:5581: arm-linux-androideabi-g++ -c -g  conftest.cpp >&5
configure:5581: $? = 0
configure:5622: result: yes
configure:5647: checking dependency style of arm-linux-androideabi-g++
configure:5758: result: gcc3
configure:5817: arm-linux-androideabi-g++ -c -std=c++11  conftest.cpp >&5
configure:5817: $? = 0
configure:5836: checking how to run the C preprocessor
configure:5867: arm-linux-androideabi-gcc -E  conftest.c
configure:5867: $? = 0
configure:5881: arm-linux-androideabi-gcc -E  conftest.c
conftest.c:11:28: fatal error: ac_nonexistent.h: No such file or directory
 #include <ac_nonexistent.h>
                            ^
compilation terminated.
configure:5881: $? = 1
configure: failed program was:
| /* confdefs.h */
| #define PACKAGE_NAME "PCRE"
| #define PACKAGE_TARNAME "pcre"
| #define PACKAGE_VERSION "8.40"
| #define PACKAGE_STRING "PCRE 8.40"
| #define PACKAGE_BUGREPORT ""
| #define PACKAGE_URL ""
| #define PACKAGE "pcre"
| #define VERSION "8.40"
| /* end confdefs.h.  */
| #include <ac_nonexistent.h>
configure:5906: result: arm-linux-androideabi-gcc -E
configure:5926: arm-linux-androideabi-gcc -E  conftest.c
configure:5926: $? = 0
configure:5940: arm-linux-androideabi-gcc -E  conftest.c
conftest.c:11:28: fatal error: ac_nonexistent.h: No such file or directory
 #include <ac_nonexistent.h>
                            ^
compilation terminated.
configure:5940: $? = 1
configure: failed program was:
| /* confdefs.h */
| #define PACKAGE_NAME "PCRE"
| #define PACKAGE_TARNAME "pcre"
| #define PACKAGE_VERSION "8.40"
| #define PACKAGE_STRING "PCRE 8.40"
| #define PACKAGE_BUGREPORT ""
| #define PACKAGE_URL ""
| #define PACKAGE "pcre"
| #define VERSION "8.40"
| /* end confdefs.h.  */
| #include <ac_nonexistent.h>
configure:5969: checking for grep that handles long lines and -e
configure:6027: result: /bin/grep
configure:6032: checking for egrep
configure:6094: result: /bin/grep -E
configure:6099: checking for ANSI C header files
configure:6119: arm-linux-androideabi-gcc -c -march=armv7-a -mfloat-abi=softfp -mfpu=vfpv3-d16  conftest.c >&5
configure:6119: $? = 0
configure:6203: result: yes
configure:6216: checking for sys/types.h
configure:6216: arm-linux-androideabi-gcc -c -march=armv7-a -mfloat-abi=softfp -mfpu=vfpv3-d16  conftest.c >&5
configure:6216: $? = 0
configure:6216: result: yes
configure:6216: checking for sys/stat.h
configure:6216: arm-linux-androideabi-gcc -c -march=armv7-a -mfloat-abi=softfp -mfpu=vfpv3-d16  conftest.c >&5
configure:6216: $? = 0
configure:6216: result: yes
configure:6216: checking for stdlib.h
configure:6216: arm-linux-androideabi-gcc -c -march=armv7-a -mfloat-abi=softfp -mfpu=vfpv3-d16  conftest.c >&5
configure:6216: $? = 0
configure:6216: result: yes
configure:6216: checking for string.h
configure:6216: arm-linux-androideabi-gcc -c -march=armv7-a -mfloat-abi=softfp -mfpu=vfpv3-d16  conftest.c >&5
configure:6216: $? = 0
configure:6216: result: yes
configure:6216: checking for memory.h
configure:6216: arm-linux-androideabi-gcc -c -march=armv7-a -mfloat-abi=softfp -mfpu=vfpv3-d16  conftest.c >&5
configure:6216: $? = 0
configure:6216: result: yes
configure:6216: checking for strings.h
configure:6216: arm-linux-androideabi-gcc -c -march=armv7-a -mfloat-abi=softfp -mfpu=vfpv3-d16  conftest.c >&5
configure:6216: $? = 0
configure:6216: result: yes
configure:6216: checking for inttypes.h
configure:6216: arm-linux-androideabi-gcc -c -march=armv7-a -mfloat-abi=softfp -mfpu=vfpv3-d16  conftest.c >&5
configure:6216: $? = 0
configure:6216: result: yes
configure:6216: checking for stdint.h
configure:6216: arm-linux-androideabi-gcc -c -march=armv7-a -mfloat-abi=softfp -mfpu=vfpv3-d16  conftest.c >&5
configure:6216: $? = 0
configure:6216: result: yes
configure:6216: checking for unistd.h
configure:6216: arm-linux-androideabi-gcc -c -march=armv7-a -mfloat-abi=softfp -mfpu=vfpv3-d16  conftest.c >&5
configure:6216: $? = 0
configure:6216: result: yes
configure:6228: checking for int64_t
configure:6228: arm-linux-androideabi-gcc -c -march=armv7-a -mfloat-abi=softfp -mfpu=vfpv3-d16  conftest.c >&5
configure:6228: $? = 0
configure:6228: arm-linux-androideabi-gcc -c -march=armv7-a -mfloat-abi=softfp -mfpu=vfpv3-d16  conftest.c >&5
conftest.c: In function 'main':
conftest.c:59:53: warning: integer overflow in expression [-Woverflow]
    < (int64_t) (((((int64_t) 1 << N) << N) - 1) * 2 + 2))];
                                                     ^
conftest.c:58:12: error: storage size of 'test_array' isn't constant
 static int test_array [1 - 2 * !((int64_t) (((((int64_t) 1 << N) << N) - 1) * 2 + 1)
            ^
configure:6228: $? = 1
configure: failed program was:
| /* confdefs.h */
| #define PACKAGE_NAME "PCRE"
| #define PACKAGE_TARNAME "pcre"
| #define PACKAGE_VERSION "8.40"
| #define PACKAGE_STRING "PCRE 8.40"
| #define PACKAGE_BUGREPORT ""
| #define PACKAGE_URL ""
| #define PACKAGE "pcre"
| #define VERSION "8.40"
| #define STDC_HEADERS 1
| #define HAVE_SYS_TYPES_H 1
| #define HAVE_SYS_STAT_H 1
| #define HAVE_STDLIB_H 1
| #define HAVE_STRING_H 1
| #define HAVE_MEMORY_H 1
| #define HAVE_STRINGS_H 1
| #define HAVE_INTTYPES_H 1
| #define HAVE_STDINT_H 1
| #define HAVE_UNISTD_H 1
| /* end confdefs.h.  */
| #include <stdio.h>
| #ifdef HAVE_SYS_TYPES_H
| # include <sys/types.h>
| #endif
| #ifdef HAVE_SYS_STAT_H
| # include <sys/stat.h>
| #endif
| #ifdef STDC_HEADERS
| # include <stdlib.h>
| # include <stddef.h>
| #else
| # ifdef HAVE_STDLIB_H
| #  include <stdlib.h>
| # endif
| #endif
| #ifdef HAVE_STRING_H
| # if !defined STDC_HEADERS && defined HAVE_MEMORY_H
| #  include <memory.h>
| # endif
| # include <string.h>
| #endif
| #ifdef HAVE_STRINGS_H
| # include <strings.h>
| #endif
| #ifdef HAVE_INTTYPES_H
| # include <inttypes.h>
| #endif
| #ifdef HAVE_STDINT_H
| # include <stdint.h>
| #endif
| #ifdef HAVE_UNISTD_H
| # include <unistd.h>
| #endif
| 	        enum { N = 64 / 2 - 1 };
| int
| main ()
| {
| static int test_array [1 - 2 * !((int64_t) (((((int64_t) 1 << N) << N) - 1) * 2 + 1)
| 		 < (int64_t) (((((int64_t) 1 << N) << N) - 1) * 2 + 2))];
| test_array [0] = 0;
| return test_array [0];
| 
|   ;
|   return 0;
| }
configure:6228: result: yes
configure:6245: checking build system type
configure:6259: result: x86_64-unknown-linux-gnu
configure:6279: checking host system type
configure:6292: result: arm-unknown-linux-androideabi
configure:6661: checking how to print strings
configure:6688: result: printf
configure:6709: checking for a sed that does not truncate output
configure:6773: result: /bin/sed
configure:6791: checking for fgrep
configure:6853: result: /bin/grep -F
configure:6888: checking for ld used by arm-linux-androideabi-gcc
configure:6955: result: /home/fallenworld/dev/android/build/arm-linux-androideabi/bin/ld
configure:6962: checking if the linker (/home/fallenworld/dev/android/build/arm-linux-androideabi/bin/ld) is GNU ld
configure:6977: result: yes
configure:6989: checking for BSD- or MS-compatible name lister (nm)
configure:7043: result: /home/fallenworld/dev/android/build/bin/arm-linux-androideabi-nm -B
configure:7173: checking the name lister (/home/fallenworld/dev/android/build/bin/arm-linux-androideabi-nm -B) interface
configure:7180: arm-linux-androideabi-gcc -c -march=armv7-a -mfloat-abi=softfp -mfpu=vfpv3-d16  conftest.c >&5
configure:7183: /home/fallenworld/dev/android/build/bin/arm-linux-androideabi-nm -B "conftest.o"
configure:7186: output
00000000 B some_variable
configure:7193: result: BSD nm
configure:7196: checking whether ln -s works
configure:7200: result: yes
configure:7208: checking the maximum length of command line arguments
configure:7339: result: 1572864
configure:7387: checking how to convert x86_64-unknown-linux-gnu file names to arm-unknown-linux-androideabi format
configure:7427: result: func_convert_file_noop
configure:7434: checking how to convert x86_64-unknown-linux-gnu file names to toolchain format
configure:7454: result: func_convert_file_noop
configure:7461: checking for /home/fallenworld/dev/android/build/arm-linux-androideabi/bin/ld option to reload object files
configure:7468: result: -r
configure:7502: checking for arm-linux-androideabi-objdump
configure:7529: result: objdump
configure:7598: checking how to recognize dependent libraries
configure:7798: result: pass_all
configure:7843: checking for arm-linux-androideabi-dlltool
configure:7870: result: dlltool
configure:7940: checking how to associate runtime and link libraries
configure:7967: result: printf %s\n
configure:7983: checking for arm-linux-androideabi-ar
configure:8010: result: arm-linux-androideabi-ar
configure:8091: checking for archiver @FILE support
configure:8108: arm-linux-androideabi-gcc -c -march=armv7-a -mfloat-abi=softfp -mfpu=vfpv3-d16  conftest.c >&5
configure:8108: $? = 0
configure:8111: arm-linux-androideabi-ar cru libconftest.a @conftest.lst >&5
configure:8114: $? = 0
configure:8119: arm-linux-androideabi-ar cru libconftest.a @conftest.lst >&5
arm-linux-androideabi-ar: conftest.o: No such file or directory
configure:8122: $? = 1
configure:8134: result: @
configure:8152: checking for arm-linux-androideabi-strip
configure:8179: result: arm-linux-androideabi-strip
configure:8251: checking for arm-linux-androideabi-ranlib
configure:8267: found /home/fallenworld/dev/android/build/bin/arm-linux-androideabi-ranlib
configure:8278: result: arm-linux-androideabi-ranlib
configure:8420: checking command to parse /home/fallenworld/dev/android/build/bin/arm-linux-androideabi-nm -B output from arm-linux-androideabi-gcc object
configure:8573: arm-linux-androideabi-gcc -c -march=armv7-a -mfloat-abi=softfp -mfpu=vfpv3-d16  conftest.c >&5
configure:8576: $? = 0
configure:8580: /home/fallenworld/dev/android/build/bin/arm-linux-androideabi-nm -B conftest.o \| sed -n -e 's/^.*[ ]\([ABCDGIRSTW][ABCDGIRSTW]*\)[ ][ ]*\([_A-Za-z][_A-Za-z0-9]*\)$/\1 \2 \2/p' | sed '/ __gnu_lto/d' \> conftest.nm
configure:8583: $? = 0
configure:8649: arm-linux-androideabi-gcc -o conftest -march=armv7-a -mfloat-abi=softfp -mfpu=vfpv3-d16  -march=armv7-a -Wl,--fix-cortex-a8 -L/home/fallenworld/dev/android/build/arm-linux-androideabi/lib conftest.c conftstm.o >&5
configure:8652: $? = 0
configure:8690: result: ok
configure:8737: checking for sysroot
configure:8767: result: no
configure:8774: checking for a working dd
configure:8812: result: /bin/dd
configure:8816: checking how to truncate binary pipes
configure:8831: result: /bin/dd bs=4096 count=1
configure:9120: checking for arm-linux-androideabi-mt
configure:9150: result: no
configure:9160: checking for mt
configure:9176: found /bin/mt
configure:9187: result: mt
configure:9199: WARNING: using cross tools not prefixed with host triplet
configure:9210: checking if mt is a manifest tool
configure:9216: mt '-?'
configure:9224: result: no
configure:9898: checking for dlfcn.h
configure:9898: arm-linux-androideabi-gcc -c -march=armv7-a -mfloat-abi=softfp -mfpu=vfpv3-d16  conftest.c >&5
configure:9898: $? = 0
configure:9898: result: yes
configure:10162: checking for objdir
configure:10177: result: .libs
configure:10441: checking if arm-linux-androideabi-gcc supports -fno-rtti -fno-exceptions
configure:10459: arm-linux-androideabi-gcc -c -march=armv7-a -mfloat-abi=softfp -mfpu=vfpv3-d16  -fno-rtti -fno-exceptions conftest.c >&5
cc1: warning: command line option '-fno-rtti' is valid for C++/ObjC++ but not for C
configure:10463: $? = 0
configure:10476: result: no
configure:10834: checking for arm-linux-androideabi-gcc option to produce PIC
configure:10841: result: -fPIC -DPIC
configure:10849: checking if arm-linux-androideabi-gcc PIC flag -fPIC -DPIC works
configure:10867: arm-linux-androideabi-gcc -c -march=armv7-a -mfloat-abi=softfp -mfpu=vfpv3-d16  -fPIC -DPIC -DPIC conftest.c >&5
configure:10871: $? = 0
configure:10884: result: yes
configure:10913: checking if arm-linux-androideabi-gcc static flag -static works
configure:10941: result: yes
configure:10956: checking if arm-linux-androideabi-gcc supports -c -o file.o
configure:10977: arm-linux-androideabi-gcc -c -march=armv7-a -mfloat-abi=softfp -mfpu=vfpv3-d16  -o out/conftest2.o conftest.c >&5
configure:10981: $? = 0
configure:11003: result: yes
configure:11011: checking if arm-linux-androideabi-gcc supports -c -o file.o
configure:11058: result: yes
configure:11091: checking whether the arm-linux-androideabi-gcc linker (/home/fallenworld/dev/android/build/arm-linux-androideabi/bin/ld) supports shared libraries
configure:12350: result: yes
configure:12387: checking whether -lc should be explicitly linked in
configure:12395: arm-linux-androideabi-gcc -c -march=armv7-a -mfloat-abi=softfp -mfpu=vfpv3-d16  conftest.c >&5
configure:12398: $? = 0
configure:12413: arm-linux-androideabi-gcc -shared  -fPIC -DPIC conftest.o  -v -Wl,-soname -Wl,conftest -o conftest 2\>\&1 \| /bin/grep  -lc  \>/dev/null 2\>\&1
configure:12416: $? = 0
configure:12430: result: no
configure:12590: checking dynamic linker characteristics
configure:13408: result: Android linker
configure:13530: checking how to hardcode library paths into programs
configure:13555: result: immediate
configure:14103: checking whether stripping libraries is possible
configure:14108: result: yes
configure:14143: checking if libtool supports shared libraries
configure:14145: result: yes
configure:14148: checking whether to build shared libraries
configure:14173: result: yes
configure:14176: checking whether to build static libraries
configure:14180: result: yes
configure:14203: checking how to run the C++ preprocessor
configure:14230: arm-linux-androideabi-g++ -E  conftest.cpp
configure:14230: $? = 0
configure:14244: arm-linux-androideabi-g++ -E  conftest.cpp
conftest.cpp:23:28: fatal error: ac_nonexistent.h: No such file or directory
 #include <ac_nonexistent.h>
                            ^
compilation terminated.
configure:14244: $? = 1
configure: failed program was:
| /* confdefs.h */
| #define PACKAGE_NAME "PCRE"
| #define PACKAGE_TARNAME "pcre"
| #define PACKAGE_VERSION "8.40"
| #define PACKAGE_STRING "PCRE 8.40"
| #define PACKAGE_BUGREPORT ""
| #define PACKAGE_URL ""
| #define PACKAGE "pcre"
| #define VERSION "8.40"
| #define STDC_HEADERS 1
| #define HAVE_SYS_TYPES_H 1
| #define HAVE_SYS_STAT_H 1
| #define HAVE_STDLIB_H 1
| #define HAVE_STRING_H 1
| #define HAVE_MEMORY_H 1
| #define HAVE_STRINGS_H 1
| #define HAVE_INTTYPES_H 1
| #define HAVE_STDINT_H 1
| #define HAVE_UNISTD_H 1
| #define HAVE_DLFCN_H 1
| #define LT_OBJDIR ".libs/"
| /* end confdefs.h.  */
| #include <ac_nonexistent.h>
configure:14269: result: arm-linux-androideabi-g++ -E
configure:14289: arm-linux-androideabi-g++ -E  conftest.cpp
configure:14289: $? = 0
configure:14303: arm-linux-androideabi-g++ -E  conftest.cpp
conftest.cpp:23:28: fatal error: ac_nonexistent.h: No such file or directory
 #include <ac_nonexistent.h>
                            ^
compilation terminated.
configure:14303: $? = 1
configure: failed program was:
| /* confdefs.h */
| #define PACKAGE_NAME "PCRE"
| #define PACKAGE_TARNAME "pcre"
| #define PACKAGE_VERSION "8.40"
| #define PACKAGE_STRING "PCRE 8.40"
| #define PACKAGE_BUGREPORT ""
| #define PACKAGE_URL ""
| #define PACKAGE "pcre"
| #define VERSION "8.40"
| #define STDC_HEADERS 1
| #define HAVE_SYS_TYPES_H 1
| #define HAVE_SYS_STAT_H 1
| #define HAVE_STDLIB_H 1
| #define HAVE_STRING_H 1
| #define HAVE_MEMORY_H 1
| #define HAVE_STRINGS_H 1
| #define HAVE_INTTYPES_H 1
| #define HAVE_STDINT_H 1
| #define HAVE_UNISTD_H 1
| #define HAVE_DLFCN_H 1
| #define LT_OBJDIR ".libs/"
| /* end confdefs.h.  */
| #include <ac_nonexistent.h>
configure:14465: checking for ld used by arm-linux-androideabi-g++
configure:14532: result: /home/fallenworld/dev/android/build/arm-linux-androideabi/bin/ld
configure:14539: checking if the linker (/home/fallenworld/dev/android/build/arm-linux-androideabi/bin/ld) is GNU ld
configure:14554: result: yes
configure:14609: checking whether the arm-linux-androideabi-g++ linker (/home/fallenworld/dev/android/build/arm-linux-androideabi/bin/ld) supports shared libraries
configure:15682: result: yes
configure:15718: arm-linux-androideabi-g++ -c -std=c++11  conftest.cpp >&5
configure:15721: $? = 0
configure:16202: checking for arm-linux-androideabi-g++ option to produce PIC
configure:16209: result: -fPIC -DPIC
configure:16217: checking if arm-linux-androideabi-g++ PIC flag -fPIC -DPIC works
configure:16235: arm-linux-androideabi-g++ -c -std=c++11  -fPIC -DPIC -DPIC conftest.cpp >&5
configure:16239: $? = 0
configure:16252: result: yes
configure:16275: checking if arm-linux-androideabi-g++ static flag -static works
configure:16303: result: yes
configure:16315: checking if arm-linux-androideabi-g++ supports -c -o file.o
configure:16336: arm-linux-androideabi-g++ -c -std=c++11  -o out/conftest2.o conftest.cpp >&5
configure:16340: $? = 0
configure:16362: result: yes
configure:16367: checking if arm-linux-androideabi-g++ supports -c -o file.o
configure:16414: result: yes
configure:16444: checking whether the arm-linux-androideabi-g++ linker (/home/fallenworld/dev/android/build/arm-linux-androideabi/bin/ld) supports shared libraries
configure:16484: result: yes
configure:16625: checking dynamic linker characteristics
configure:17370: result: Android linker
configure:17435: checking how to hardcode library paths into programs
configure:17460: result: immediate
configure:17521: checking whether ln -s works
configure:17525: result: yes
configure:17541: checking whether the -Werror option is usable
configure:17560: arm-linux-androideabi-gcc -c -march=armv7-a -mfloat-abi=softfp -mfpu=vfpv3-d16 -Werror  conftest.c >&5
configure:17560: $? = 0
configure:17569: result: yes
configure:17571: checking for simple visibility declarations
configure:17598: arm-linux-androideabi-gcc -c -march=armv7-a -mfloat-abi=softfp -mfpu=vfpv3-d16 -fvisibility=hidden -Werror  conftest.c >&5
configure:17598: $? = 0
configure:17607: result: yes
configure:18076: checking for ANSI C header files
configure:18180: result: yes
configure:18191: checking limits.h usability
configure:18191: arm-linux-androideabi-gcc -c -march=armv7-a -mfloat-abi=softfp -mfpu=vfpv3-d16  conftest.c >&5
configure:18191: $? = 0
configure:18191: result: yes
configure:18191: checking limits.h presence
configure:18191: arm-linux-androideabi-gcc -E  conftest.c
configure:18191: $? = 0
configure:18191: result: yes
configure:18191: checking for limits.h
configure:18191: result: yes
configure:18191: checking for sys/types.h
configure:18191: result: yes
configure:18191: checking for sys/stat.h
configure:18191: result: yes
configure:18191: checking dirent.h usability
configure:18191: arm-linux-androideabi-gcc -c -march=armv7-a -mfloat-abi=softfp -mfpu=vfpv3-d16  conftest.c >&5
configure:18191: $? = 0
configure:18191: result: yes
configure:18191: checking dirent.h presence
configure:18191: arm-linux-androideabi-gcc -E  conftest.c
configure:18191: $? = 0
configure:18191: result: yes
configure:18191: checking for dirent.h
configure:18191: result: yes
configure:18203: checking windows.h usability
configure:18203: arm-linux-androideabi-gcc -c -march=armv7-a -mfloat-abi=softfp -mfpu=vfpv3-d16  conftest.c >&5
conftest.c:69:21: fatal error: windows.h: No such file or directory
 #include <windows.h>
                     ^
compilation terminated.
configure:18203: $? = 1
configure: failed program was:
| /* confdefs.h */
| #define PACKAGE_NAME "PCRE"
| #define PACKAGE_TARNAME "pcre"
| #define PACKAGE_VERSION "8.40"
| #define PACKAGE_STRING "PCRE 8.40"
| #define PACKAGE_BUGREPORT ""
| #define PACKAGE_URL ""
| #define PACKAGE "pcre"
| #define VERSION "8.40"
| #define STDC_HEADERS 1
| #define HAVE_SYS_TYPES_H 1
| #define HAVE_SYS_STAT_H 1
| #define HAVE_STDLIB_H 1
| #define HAVE_STRING_H 1
| #define HAVE_MEMORY_H 1
| #define HAVE_STRINGS_H 1
| #define HAVE_INTTYPES_H 1
| #define HAVE_STDINT_H 1
| #define HAVE_UNISTD_H 1
| #define HAVE_DLFCN_H 1
| #define LT_OBJDIR ".libs/"
| #define PCRE_EXP_DECL extern __attribute__ ((visibility ("default")))
| #define PCRE_EXP_DEFN __attribute__ ((visibility ("default")))
| #define PCRE_EXP_DATA_DEFN __attribute__ ((visibility ("default")))
| #define PCREPOSIX_EXP_DECL extern __attribute__ ((visibility ("default")))
| #define PCREPOSIX_EXP_DEFN extern __attribute__ ((visibility ("default")))
| #define PCRECPP_EXP_DECL extern __attribute__ ((visibility ("default")))
| #define PCRECPP_EXP_DEFN __attribute__ ((visibility ("default")))
| #define HAVE_VISIBILITY 1
| #define STDC_HEADERS 1
| #define HAVE_LIMITS_H 1
| #define HAVE_SYS_TYPES_H 1
| #define HAVE_SYS_STAT_H 1
| #define HAVE_DIRENT_H 1
| /* end confdefs.h.  */
| #include <stdio.h>
| #ifdef HAVE_SYS_TYPES_H
| # include <sys/types.h>
| #endif
| #ifdef HAVE_SYS_STAT_H
| # include <sys/stat.h>
| #endif
| #ifdef STDC_HEADERS
| # include <stdlib.h>
| # include <stddef.h>
| #else
| # ifdef HAVE_STDLIB_H
| #  include <stdlib.h>
| # endif
| #endif
| #ifdef HAVE_STRING_H
| # if !defined STDC_HEADERS && defined HAVE_MEMORY_H
| #  include <memory.h>
| # endif
| # include <string.h>
| #endif
| #ifdef HAVE_STRINGS_H
| # include <strings.h>
| #endif
| #ifdef HAVE_INTTYPES_H
| # include <inttypes.h>
| #endif
| #ifdef HAVE_STDINT_H
| # include <stdint.h>
| #endif
| #ifdef HAVE_UNISTD_H
| # include <unistd.h>
| #endif
| #include <windows.h>
configure:18203: result: no
configure:18203: checking windows.h presence
configure:18203: arm-linux-androideabi-gcc -E  conftest.c
conftest.c:36:21: fatal error: windows.h: No such file or directory
 #include <windows.h>
                     ^
compilation terminated.
configure:18203: $? = 1
configure: failed program was:
| /* confdefs.h */
| #define PACKAGE_NAME "PCRE"
| #define PACKAGE_TARNAME "pcre"
| #define PACKAGE_VERSION "8.40"
| #define PACKAGE_STRING "PCRE 8.40"
| #define PACKAGE_BUGREPORT ""
| #define PACKAGE_URL ""
| #define PACKAGE "pcre"
| #define VERSION "8.40"
| #define STDC_HEADERS 1
| #define HAVE_SYS_TYPES_H 1
| #define HAVE_SYS_STAT_H 1
| #define HAVE_STDLIB_H 1
| #define HAVE_STRING_H 1
| #define HAVE_MEMORY_H 1
| #define HAVE_STRINGS_H 1
| #define HAVE_INTTYPES_H 1
| #define HAVE_STDINT_H 1
| #define HAVE_UNISTD_H 1
| #define HAVE_DLFCN_H 1
| #define LT_OBJDIR ".libs/"
| #define PCRE_EXP_DECL extern __attribute__ ((visibility ("default")))
| #define PCRE_EXP_DEFN __attribute__ ((visibility ("default")))
| #define PCRE_EXP_DATA_DEFN __attribute__ ((visibility ("default")))
| #define PCREPOSIX_EXP_DECL extern __attribute__ ((visibility ("default")))
| #define PCREPOSIX_EXP_DEFN extern __attribute__ ((visibility ("default")))
| #define PCRECPP_EXP_DECL extern __attribute__ ((visibility ("default")))
| #define PCRECPP_EXP_DEFN __attribute__ ((visibility ("default")))
| #define HAVE_VISIBILITY 1
| #define STDC_HEADERS 1
| #define HAVE_LIMITS_H 1
| #define HAVE_SYS_TYPES_H 1
| #define HAVE_SYS_STAT_H 1
| #define HAVE_DIRENT_H 1
| /* end confdefs.h.  */
| #include <windows.h>
configure:18203: result: no
configure:18203: checking for windows.h
configure:18203: result: no
configure:18239: checking for alias support in the linker
configure:18258: arm-linux-androideabi-g++ -o conftest -std=c++11  -march=armv7-a -Wl,--fix-cortex-a8 -L/home/fallenworld/dev/android/build/arm-linux-androideabi/lib -Wl,-alias,__ZN7pcrecpp2RE6no_argE,__ZN7pcrecpp6no_argE conftest.cpp  >&5
/home/fallenworld/dev/android/build/bin/../lib/gcc/arm-linux-androideabi/4.9.x/../../../../arm-linux-androideabi/bin/ld: -alias: unknown option
/home/fallenworld/dev/android/build/bin/../lib/gcc/arm-linux-androideabi/4.9.x/../../../../arm-linux-androideabi/bin/ld: use the --help option for usage information
collect2: error: ld returned 1 exit status
configure:18258: $? = 1
configure: failed program was:
| /* confdefs.h */
| #define PACKAGE_NAME "PCRE"
| #define PACKAGE_TARNAME "pcre"
| #define PACKAGE_VERSION "8.40"
| #define PACKAGE_STRING "PCRE 8.40"
| #define PACKAGE_BUGREPORT ""
| #define PACKAGE_URL ""
| #define PACKAGE "pcre"
| #define VERSION "8.40"
| #define STDC_HEADERS 1
| #define HAVE_SYS_TYPES_H 1
| #define HAVE_SYS_STAT_H 1
| #define HAVE_STDLIB_H 1
| #define HAVE_STRING_H 1
| #define HAVE_MEMORY_H 1
| #define HAVE_STRINGS_H 1
| #define HAVE_INTTYPES_H 1
| #define HAVE_STDINT_H 1
| #define HAVE_UNISTD_H 1
| #define HAVE_DLFCN_H 1
| #define LT_OBJDIR ".libs/"
| #define PCRE_EXP_DECL extern __attribute__ ((visibility ("default")))
| #define PCRE_EXP_DEFN __attribute__ ((visibility ("default")))
| #define PCRE_EXP_DATA_DEFN __attribute__ ((visibility ("default")))
| #define PCREPOSIX_EXP_DECL extern __attribute__ ((visibility ("default")))
| #define PCREPOSIX_EXP_DEFN extern __attribute__ ((visibility ("default")))
| #define PCRECPP_EXP_DECL extern __attribute__ ((visibility ("default")))
| #define PCRECPP_EXP_DEFN __attribute__ ((visibility ("default")))
| #define HAVE_VISIBILITY 1
| #define STDC_HEADERS 1
| #define HAVE_LIMITS_H 1
| #define HAVE_SYS_TYPES_H 1
| #define HAVE_SYS_STAT_H 1
| #define HAVE_DIRENT_H 1
| /* end confdefs.h.  */
| namespace pcrecpp {
|                                     class RE { static int no_arg; };
|                                     int RE::no_arg;
|                                   }
| int
| main ()
| {
| 
|   ;
|   return 0;
| }
configure:18264: result: no
configure:18239: checking for alias support in the linker
configure:18258: arm-linux-androideabi-g++ -o conftest -std=c++11  -march=armv7-a -Wl,--fix-cortex-a8 -L/home/fallenworld/dev/android/build/arm-linux-androideabi/lib -Wl,-i__ZN7pcrecpp6no_argE:__ZN7pcrecpp2RE6no_argE conftest.cpp  >&5
/home/fallenworld/dev/android/build/bin/../lib/gcc/arm-linux-androideabi/4.9.x/../../../../arm-linux-androideabi/bin/ld: -i__ZN7pcrecpp6no_argE:__ZN7pcrecpp2RE6no_argE: unknown option
/home/fallenworld/dev/android/build/bin/../lib/gcc/arm-linux-androideabi/4.9.x/../../../../arm-linux-androideabi/bin/ld: use the --help option for usage information
collect2: error: ld returned 1 exit status
configure:18258: $? = 1
configure: failed program was:
| /* confdefs.h */
| #define PACKAGE_NAME "PCRE"
| #define PACKAGE_TARNAME "pcre"
| #define PACKAGE_VERSION "8.40"
| #define PACKAGE_STRING "PCRE 8.40"
| #define PACKAGE_BUGREPORT ""
| #define PACKAGE_URL ""
| #define PACKAGE "pcre"
| #define VERSION "8.40"
| #define STDC_HEADERS 1
| #define HAVE_SYS_TYPES_H 1
| #define HAVE_SYS_STAT_H 1
| #define HAVE_STDLIB_H 1
| #define HAVE_STRING_H 1
| #define HAVE_MEMORY_H 1
| #define HAVE_STRINGS_H 1
| #define HAVE_INTTYPES_H 1
| #define HAVE_STDINT_H 1
| #define HAVE_UNISTD_H 1
| #define HAVE_DLFCN_H 1
| #define LT_OBJDIR ".libs/"
| #define PCRE_EXP_DECL extern __attribute__ ((visibility ("default")))
| #define PCRE_EXP_DEFN __attribute__ ((visibility ("default")))
| #define PCRE_EXP_DATA_DEFN __attribute__ ((visibility ("default")))
| #define PCREPOSIX_EXP_DECL extern __attribute__ ((visibility ("default")))
| #define PCREPOSIX_EXP_DEFN extern __attribute__ ((visibility ("default")))
| #define PCRECPP_EXP_DECL extern __attribute__ ((visibility ("default")))
| #define PCRECPP_EXP_DEFN __attribute__ ((visibility ("default")))
| #define HAVE_VISIBILITY 1
| #define STDC_HEADERS 1
| #define HAVE_LIMITS_H 1
| #define HAVE_SYS_TYPES_H 1
| #define HAVE_SYS_STAT_H 1
| #define HAVE_DIRENT_H 1
| /* end confdefs.h.  */
| namespace pcrecpp {
|                                     class RE { static int no_arg; };
|                                     int RE::no_arg;
|                                   }
| int
| main ()
| {
| 
|   ;
|   return 0;
| }
configure:18264: result: no
configure:18278: checking string usability
configure:18278: arm-linux-androideabi-g++ -c -std=c++11  conftest.cpp >&5
configure:18278: $? = 0
configure:18278: result: yes
configure:18278: checking string presence
configure:18278: arm-linux-androideabi-g++ -E  conftest.cpp
configure:18278: $? = 0
configure:18278: result: yes
configure:18278: checking for string
configure:18278: result: yes
configure:18292: checking bits/type_traits.h usability
configure:18292: arm-linux-androideabi-g++ -c -std=c++11  conftest.cpp >&5
conftest.cpp:70:30: fatal error: bits/type_traits.h: No such file or directory
 #include <bits/type_traits.h>
                              ^
compilation terminated.
configure:18292: $? = 1
configure: failed program was:
| /* confdefs.h */
| #define PACKAGE_NAME "PCRE"
| #define PACKAGE_TARNAME "pcre"
| #define PACKAGE_VERSION "8.40"
| #define PACKAGE_STRING "PCRE 8.40"
| #define PACKAGE_BUGREPORT ""
| #define PACKAGE_URL ""
| #define PACKAGE "pcre"
| #define VERSION "8.40"
| #define STDC_HEADERS 1
| #define HAVE_SYS_TYPES_H 1
| #define HAVE_SYS_STAT_H 1
| #define HAVE_STDLIB_H 1
| #define HAVE_STRING_H 1
| #define HAVE_MEMORY_H 1
| #define HAVE_STRINGS_H 1
| #define HAVE_INTTYPES_H 1
| #define HAVE_STDINT_H 1
| #define HAVE_UNISTD_H 1
| #define HAVE_DLFCN_H 1
| #define LT_OBJDIR ".libs/"
| #define PCRE_EXP_DECL extern __attribute__ ((visibility ("default")))
| #define PCRE_EXP_DEFN __attribute__ ((visibility ("default")))
| #define PCRE_EXP_DATA_DEFN __attribute__ ((visibility ("default")))
| #define PCREPOSIX_EXP_DECL extern __attribute__ ((visibility ("default")))
| #define PCREPOSIX_EXP_DEFN extern __attribute__ ((visibility ("default")))
| #define PCRECPP_EXP_DECL extern __attribute__ ((visibility ("default")))
| #define PCRECPP_EXP_DEFN __attribute__ ((visibility ("default")))
| #define HAVE_VISIBILITY 1
| #define STDC_HEADERS 1
| #define HAVE_LIMITS_H 1
| #define HAVE_SYS_TYPES_H 1
| #define HAVE_SYS_STAT_H 1
| #define HAVE_DIRENT_H 1
| #define HAVE_STRING 1
| /* end confdefs.h.  */
| #include <stdio.h>
| #ifdef HAVE_SYS_TYPES_H
| # include <sys/types.h>
| #endif
| #ifdef HAVE_SYS_STAT_H
| # include <sys/stat.h>
| #endif
| #ifdef STDC_HEADERS
| # include <stdlib.h>
| # include <stddef.h>
| #else
| # ifdef HAVE_STDLIB_H
| #  include <stdlib.h>
| # endif
| #endif
| #ifdef HAVE_STRING_H
| # if !defined STDC_HEADERS && defined HAVE_MEMORY_H
| #  include <memory.h>
| # endif
| # include <string.h>
| #endif
| #ifdef HAVE_STRINGS_H
| # include <strings.h>
| #endif
| #ifdef HAVE_INTTYPES_H
| # include <inttypes.h>
| #endif
| #ifdef HAVE_STDINT_H
| # include <stdint.h>
| #endif
| #ifdef HAVE_UNISTD_H
| # include <unistd.h>
| #endif
| #include <bits/type_traits.h>
configure:18292: result: no
configure:18292: checking bits/type_traits.h presence
configure:18292: arm-linux-androideabi-g++ -E  conftest.cpp
conftest.cpp:37:30: fatal error: bits/type_traits.h: No such file or directory
 #include <bits/type_traits.h>
                              ^
compilation terminated.
configure:18292: $? = 1
configure: failed program was:
| /* confdefs.h */
| #define PACKAGE_NAME "PCRE"
| #define PACKAGE_TARNAME "pcre"
| #define PACKAGE_VERSION "8.40"
| #define PACKAGE_STRING "PCRE 8.40"
| #define PACKAGE_BUGREPORT ""
| #define PACKAGE_URL ""
| #define PACKAGE "pcre"
| #define VERSION "8.40"
| #define STDC_HEADERS 1
| #define HAVE_SYS_TYPES_H 1
| #define HAVE_SYS_STAT_H 1
| #define HAVE_STDLIB_H 1
| #define HAVE_STRING_H 1
| #define HAVE_MEMORY_H 1
| #define HAVE_STRINGS_H 1
| #define HAVE_INTTYPES_H 1
| #define HAVE_STDINT_H 1
| #define HAVE_UNISTD_H 1
| #define HAVE_DLFCN_H 1
| #define LT_OBJDIR ".libs/"
| #define PCRE_EXP_DECL extern __attribute__ ((visibility ("default")))
| #define PCRE_EXP_DEFN __attribute__ ((visibility ("default")))
| #define PCRE_EXP_DATA_DEFN __attribute__ ((visibility ("default")))
| #define PCREPOSIX_EXP_DECL extern __attribute__ ((visibility ("default")))
| #define PCREPOSIX_EXP_DEFN extern __attribute__ ((visibility ("default")))
| #define PCRECPP_EXP_DECL extern __attribute__ ((visibility ("default")))
| #define PCRECPP_EXP_DEFN __attribute__ ((visibility ("default")))
| #define HAVE_VISIBILITY 1
| #define STDC_HEADERS 1
| #define HAVE_LIMITS_H 1
| #define HAVE_SYS_TYPES_H 1
| #define HAVE_SYS_STAT_H 1
| #define HAVE_DIRENT_H 1
| #define HAVE_STRING 1
| /* end confdefs.h.  */
| #include <bits/type_traits.h>
configure:18292: result: no
configure:18292: checking for bits/type_traits.h
configure:18292: result: no
configure:18306: checking type_traits.h usability
configure:18306: arm-linux-androideabi-g++ -c -std=c++11  conftest.cpp >&5
conftest.cpp:70:25: fatal error: type_traits.h: No such file or directory
 #include <type_traits.h>
                         ^
compilation terminated.
configure:18306: $? = 1
configure: failed program was:
| /* confdefs.h */
| #define PACKAGE_NAME "PCRE"
| #define PACKAGE_TARNAME "pcre"
| #define PACKAGE_VERSION "8.40"
| #define PACKAGE_STRING "PCRE 8.40"
| #define PACKAGE_BUGREPORT ""
| #define PACKAGE_URL ""
| #define PACKAGE "pcre"
| #define VERSION "8.40"
| #define STDC_HEADERS 1
| #define HAVE_SYS_TYPES_H 1
| #define HAVE_SYS_STAT_H 1
| #define HAVE_STDLIB_H 1
| #define HAVE_STRING_H 1
| #define HAVE_MEMORY_H 1
| #define HAVE_STRINGS_H 1
| #define HAVE_INTTYPES_H 1
| #define HAVE_STDINT_H 1
| #define HAVE_UNISTD_H 1
| #define HAVE_DLFCN_H 1
| #define LT_OBJDIR ".libs/"
| #define PCRE_EXP_DECL extern __attribute__ ((visibility ("default")))
| #define PCRE_EXP_DEFN __attribute__ ((visibility ("default")))
| #define PCRE_EXP_DATA_DEFN __attribute__ ((visibility ("default")))
| #define PCREPOSIX_EXP_DECL extern __attribute__ ((visibility ("default")))
| #define PCREPOSIX_EXP_DEFN extern __attribute__ ((visibility ("default")))
| #define PCRECPP_EXP_DECL extern __attribute__ ((visibility ("default")))
| #define PCRECPP_EXP_DEFN __attribute__ ((visibility ("default")))
| #define HAVE_VISIBILITY 1
| #define STDC_HEADERS 1
| #define HAVE_LIMITS_H 1
| #define HAVE_SYS_TYPES_H 1
| #define HAVE_SYS_STAT_H 1
| #define HAVE_DIRENT_H 1
| #define HAVE_STRING 1
| /* end confdefs.h.  */
| #include <stdio.h>
| #ifdef HAVE_SYS_TYPES_H
| # include <sys/types.h>
| #endif
| #ifdef HAVE_SYS_STAT_H
| # include <sys/stat.h>
| #endif
| #ifdef STDC_HEADERS
| # include <stdlib.h>
| # include <stddef.h>
| #else
| # ifdef HAVE_STDLIB_H
| #  include <stdlib.h>
| # endif
| #endif
| #ifdef HAVE_STRING_H
| # if !defined STDC_HEADERS && defined HAVE_MEMORY_H
| #  include <memory.h>
| # endif
| # include <string.h>
| #endif
| #ifdef HAVE_STRINGS_H
| # include <strings.h>
| #endif
| #ifdef HAVE_INTTYPES_H
| # include <inttypes.h>
| #endif
| #ifdef HAVE_STDINT_H
| # include <stdint.h>
| #endif
| #ifdef HAVE_UNISTD_H
| # include <unistd.h>
| #endif
| #include <type_traits.h>
configure:18306: result: no
configure:18306: checking type_traits.h presence
configure:18306: arm-linux-androideabi-g++ -E  conftest.cpp
conftest.cpp:37:25: fatal error: type_traits.h: No such file or directory
 #include <type_traits.h>
                         ^
compilation terminated.
configure:18306: $? = 1
configure: failed program was:
| /* confdefs.h */
| #define PACKAGE_NAME "PCRE"
| #define PACKAGE_TARNAME "pcre"
| #define PACKAGE_VERSION "8.40"
| #define PACKAGE_STRING "PCRE 8.40"
| #define PACKAGE_BUGREPORT ""
| #define PACKAGE_URL ""
| #define PACKAGE "pcre"
| #define VERSION "8.40"
| #define STDC_HEADERS 1
| #define HAVE_SYS_TYPES_H 1
| #define HAVE_SYS_STAT_H 1
| #define HAVE_STDLIB_H 1
| #define HAVE_STRING_H 1
| #define HAVE_MEMORY_H 1
| #define HAVE_STRINGS_H 1
| #define HAVE_INTTYPES_H 1
| #define HAVE_STDINT_H 1
| #define HAVE_UNISTD_H 1
| #define HAVE_DLFCN_H 1
| #define LT_OBJDIR ".libs/"
| #define PCRE_EXP_DECL extern __attribute__ ((visibility ("default")))
| #define PCRE_EXP_DEFN __attribute__ ((visibility ("default")))
| #define PCRE_EXP_DATA_DEFN __attribute__ ((visibility ("default")))
| #define PCREPOSIX_EXP_DECL extern __attribute__ ((visibility ("default")))
| #define PCREPOSIX_EXP_DEFN extern __attribute__ ((visibility ("default")))
| #define PCRECPP_EXP_DECL extern __attribute__ ((visibility ("default")))
| #define PCRECPP_EXP_DEFN __attribute__ ((visibility ("default")))
| #define HAVE_VISIBILITY 1
| #define STDC_HEADERS 1
| #define HAVE_LIMITS_H 1
| #define HAVE_SYS_TYPES_H 1
| #define HAVE_SYS_STAT_H 1
| #define HAVE_DIRENT_H 1
| #define HAVE_STRING 1
| /* end confdefs.h.  */
| #include <type_traits.h>
configure:18306: result: no
configure:18306: checking for type_traits.h
configure:18306: result: no
configure:18332: checking for strtoq
configure:18350: arm-linux-androideabi-g++ -c -std=c++11  conftest.cpp >&5
conftest.cpp: In function 'int main()':
conftest.cpp:41:37: error: 'strtoq' was not declared in this scope
 char* e; return strtoq("100", &e, 10)
                                     ^
configure:18350: $? = 1
configure: failed program was:
| /* confdefs.h */
| #define PACKAGE_NAME "PCRE"
| #define PACKAGE_TARNAME "pcre"
| #define PACKAGE_VERSION "8.40"
| #define PACKAGE_STRING "PCRE 8.40"
| #define PACKAGE_BUGREPORT ""
| #define PACKAGE_URL ""
| #define PACKAGE "pcre"
| #define VERSION "8.40"
| #define STDC_HEADERS 1
| #define HAVE_SYS_TYPES_H 1
| #define HAVE_SYS_STAT_H 1
| #define HAVE_STDLIB_H 1
| #define HAVE_STRING_H 1
| #define HAVE_MEMORY_H 1
| #define HAVE_STRINGS_H 1
| #define HAVE_INTTYPES_H 1
| #define HAVE_STDINT_H 1
| #define HAVE_UNISTD_H 1
| #define HAVE_DLFCN_H 1
| #define LT_OBJDIR ".libs/"
| #define PCRE_EXP_DECL extern __attribute__ ((visibility ("default")))
| #define PCRE_EXP_DEFN __attribute__ ((visibility ("default")))
| #define PCRE_EXP_DATA_DEFN __attribute__ ((visibility ("default")))
| #define PCREPOSIX_EXP_DECL extern __attribute__ ((visibility ("default")))
| #define PCREPOSIX_EXP_DEFN extern __attribute__ ((visibility ("default")))
| #define PCRECPP_EXP_DECL extern __attribute__ ((visibility ("default")))
| #define PCRECPP_EXP_DEFN __attribute__ ((visibility ("default")))
| #define HAVE_VISIBILITY 1
| #define STDC_HEADERS 1
| #define HAVE_LIMITS_H 1
| #define HAVE_SYS_TYPES_H 1
| #define HAVE_SYS_STAT_H 1
| #define HAVE_DIRENT_H 1
| #define HAVE_STRING 1
| /* end confdefs.h.  */
| #include <stdlib.h>
| int
| main ()
| {
| char* e; return strtoq("100", &e, 10)
|   ;
|   return 0;
| }
configure:18361: result: no
configure:18332: checking for strtoll
configure:18350: arm-linux-androideabi-g++ -c -std=c++11  conftest.cpp >&5
configure:18350: $? = 0
configure:18351: result: yes
configure:18368: checking for long long
configure:18368: arm-linux-androideabi-g++ -c -std=c++11  conftest.cpp >&5
configure:18368: $? = 0
configure:18368: arm-linux-androideabi-g++ -c -std=c++11  conftest.cpp >&5
conftest.cpp: In function 'int main()':
conftest.cpp:74:14: error: expected primary-expression before 'long'
 if (sizeof ((long long)))
              ^
conftest.cpp:74:14: error: expected ')' before 'long'
conftest.cpp:75:14: error: expected ')' before ';' token
      return 0;
              ^
conftest.cpp:75:14: error: expected ')' before ';' token
configure:18368: $? = 1
configure: failed program was:
| /* confdefs.h */
| #define PACKAGE_NAME "PCRE"
| #define PACKAGE_TARNAME "pcre"
| #define PACKAGE_VERSION "8.40"
| #define PACKAGE_STRING "PCRE 8.40"
| #define PACKAGE_BUGREPORT ""
| #define PACKAGE_URL ""
| #define PACKAGE "pcre"
| #define VERSION "8.40"
| #define STDC_HEADERS 1
| #define HAVE_SYS_TYPES_H 1
| #define HAVE_SYS_STAT_H 1
| #define HAVE_STDLIB_H 1
| #define HAVE_STRING_H 1
| #define HAVE_MEMORY_H 1
| #define HAVE_STRINGS_H 1
| #define HAVE_INTTYPES_H 1
| #define HAVE_STDINT_H 1
| #define HAVE_UNISTD_H 1
| #define HAVE_DLFCN_H 1
| #define LT_OBJDIR ".libs/"
| #define PCRE_EXP_DECL extern __attribute__ ((visibility ("default")))
| #define PCRE_EXP_DEFN __attribute__ ((visibility ("default")))
| #define PCRE_EXP_DATA_DEFN __attribute__ ((visibility ("default")))
| #define PCREPOSIX_EXP_DECL extern __attribute__ ((visibility ("default")))
| #define PCREPOSIX_EXP_DEFN extern __attribute__ ((visibility ("default")))
| #define PCRECPP_EXP_DECL extern __attribute__ ((visibility ("default")))
| #define PCRECPP_EXP_DEFN __attribute__ ((visibility ("default")))
| #define HAVE_VISIBILITY 1
| #define STDC_HEADERS 1
| #define HAVE_LIMITS_H 1
| #define HAVE_SYS_TYPES_H 1
| #define HAVE_SYS_STAT_H 1
| #define HAVE_DIRENT_H 1
| #define HAVE_STRING 1
| #define HAVE_STRTOLL 1
| /* end confdefs.h.  */
| #include <stdio.h>
| #ifdef HAVE_SYS_TYPES_H
| # include <sys/types.h>
| #endif
| #ifdef HAVE_SYS_STAT_H
| # include <sys/stat.h>
| #endif
| #ifdef STDC_HEADERS
| # include <stdlib.h>
| # include <stddef.h>
| #else
| # ifdef HAVE_STDLIB_H
| #  include <stdlib.h>
| # endif
| #endif
| #ifdef HAVE_STRING_H
| # if !defined STDC_HEADERS && defined HAVE_MEMORY_H
| #  include <memory.h>
| # endif
| # include <string.h>
| #endif
| #ifdef HAVE_STRINGS_H
| # include <strings.h>
| #endif
| #ifdef HAVE_INTTYPES_H
| # include <inttypes.h>
| #endif
| #ifdef HAVE_STDINT_H
| # include <stdint.h>
| #endif
| #ifdef HAVE_UNISTD_H
| # include <unistd.h>
| #endif
| int
| main ()
| {
| if (sizeof ((long long)))
| 	    return 0;
|   ;
|   return 0;
| }
configure:18368: result: yes
configure:18380: checking for unsigned long long
configure:18380: arm-linux-androideabi-g++ -c -std=c++11  conftest.cpp >&5
configure:18380: $? = 0
configure:18380: arm-linux-androideabi-g++ -c -std=c++11  conftest.cpp >&5
conftest.cpp: In function 'int main()':
conftest.cpp:75:14: error: expected primary-expression before 'unsigned'
 if (sizeof ((unsigned long long)))
              ^
conftest.cpp:75:14: error: expected ')' before 'unsigned'
conftest.cpp:76:14: error: expected ')' before ';' token
      return 0;
              ^
conftest.cpp:76:14: error: expected ')' before ';' token
configure:18380: $? = 1
configure: failed program was:
| /* confdefs.h */
| #define PACKAGE_NAME "PCRE"
| #define PACKAGE_TARNAME "pcre"
| #define PACKAGE_VERSION "8.40"
| #define PACKAGE_STRING "PCRE 8.40"
| #define PACKAGE_BUGREPORT ""
| #define PACKAGE_URL ""
| #define PACKAGE "pcre"
| #define VERSION "8.40"
| #define STDC_HEADERS 1
| #define HAVE_SYS_TYPES_H 1
| #define HAVE_SYS_STAT_H 1
| #define HAVE_STDLIB_H 1
| #define HAVE_STRING_H 1
| #define HAVE_MEMORY_H 1
| #define HAVE_STRINGS_H 1
| #define HAVE_INTTYPES_H 1
| #define HAVE_STDINT_H 1
| #define HAVE_UNISTD_H 1
| #define HAVE_DLFCN_H 1
| #define LT_OBJDIR ".libs/"
| #define PCRE_EXP_DECL extern __attribute__ ((visibility ("default")))
| #define PCRE_EXP_DEFN __attribute__ ((visibility ("default")))
| #define PCRE_EXP_DATA_DEFN __attribute__ ((visibility ("default")))
| #define PCREPOSIX_EXP_DECL extern __attribute__ ((visibility ("default")))
| #define PCREPOSIX_EXP_DEFN extern __attribute__ ((visibility ("default")))
| #define PCRECPP_EXP_DECL extern __attribute__ ((visibility ("default")))
| #define PCRECPP_EXP_DEFN __attribute__ ((visibility ("default")))
| #define HAVE_VISIBILITY 1
| #define STDC_HEADERS 1
| #define HAVE_LIMITS_H 1
| #define HAVE_SYS_TYPES_H 1
| #define HAVE_SYS_STAT_H 1
| #define HAVE_DIRENT_H 1
| #define HAVE_STRING 1
| #define HAVE_STRTOLL 1
| #define HAVE_LONG_LONG 1
| /* end confdefs.h.  */
| #include <stdio.h>
| #ifdef HAVE_SYS_TYPES_H
| # include <sys/types.h>
| #endif
| #ifdef HAVE_SYS_STAT_H
| # include <sys/stat.h>
| #endif
| #ifdef STDC_HEADERS
| # include <stdlib.h>
| # include <stddef.h>
| #else
| # ifdef HAVE_STDLIB_H
| #  include <stdlib.h>
| # endif
| #endif
| #ifdef HAVE_STRING_H
| # if !defined STDC_HEADERS && defined HAVE_MEMORY_H
| #  include <memory.h>
| # endif
| # include <string.h>
| #endif
| #ifdef HAVE_STRINGS_H
| # include <strings.h>
| #endif
| #ifdef HAVE_INTTYPES_H
| # include <inttypes.h>
| #endif
| #ifdef HAVE_STDINT_H
| # include <stdint.h>
| #endif
| #ifdef HAVE_UNISTD_H
| # include <unistd.h>
| #endif
| int
| main ()
| {
| if (sizeof ((unsigned long long)))
| 	    return 0;
|   ;
|   return 0;
| }
configure:18380: result: yes
configure:18478: checking for an ANSI C-conforming const
configure:18544: arm-linux-androideabi-gcc -c -march=armv7-a -mfloat-abi=softfp -mfpu=vfpv3-d16  conftest.c >&5
configure:18544: $? = 0
configure:18551: result: yes
configure:18559: checking for size_t
configure:18559: arm-linux-androideabi-gcc -c -march=armv7-a -mfloat-abi=softfp -mfpu=vfpv3-d16  conftest.c >&5
configure:18559: $? = 0
configure:18559: arm-linux-androideabi-gcc -c -march=armv7-a -mfloat-abi=softfp -mfpu=vfpv3-d16  conftest.c >&5
conftest.c: In function 'main':
conftest.c:76:21: error: expected expression before ')' token
 if (sizeof ((size_t)))
                     ^
configure:18559: $? = 1
configure: failed program was:
| /* confdefs.h */
| #define PACKAGE_NAME "PCRE"
| #define PACKAGE_TARNAME "pcre"
| #define PACKAGE_VERSION "8.40"
| #define PACKAGE_STRING "PCRE 8.40"
| #define PACKAGE_BUGREPORT ""
| #define PACKAGE_URL ""
| #define PACKAGE "pcre"
| #define VERSION "8.40"
| #define STDC_HEADERS 1
| #define HAVE_SYS_TYPES_H 1
| #define HAVE_SYS_STAT_H 1
| #define HAVE_STDLIB_H 1
| #define HAVE_STRING_H 1
| #define HAVE_MEMORY_H 1
| #define HAVE_STRINGS_H 1
| #define HAVE_INTTYPES_H 1
| #define HAVE_STDINT_H 1
| #define HAVE_UNISTD_H 1
| #define HAVE_DLFCN_H 1
| #define LT_OBJDIR ".libs/"
| #define PCRE_EXP_DECL extern __attribute__ ((visibility ("default")))
| #define PCRE_EXP_DEFN __attribute__ ((visibility ("default")))
| #define PCRE_EXP_DATA_DEFN __attribute__ ((visibility ("default")))
| #define PCREPOSIX_EXP_DECL extern __attribute__ ((visibility ("default")))
| #define PCREPOSIX_EXP_DEFN extern __attribute__ ((visibility ("default")))
| #define PCRECPP_EXP_DECL extern __attribute__ ((visibility ("default")))
| #define PCRECPP_EXP_DEFN __attribute__ ((visibility ("default")))
| #define HAVE_VISIBILITY 1
| #define STDC_HEADERS 1
| #define HAVE_LIMITS_H 1
| #define HAVE_SYS_TYPES_H 1
| #define HAVE_SYS_STAT_H 1
| #define HAVE_DIRENT_H 1
| #define HAVE_STRING 1
| #define HAVE_STRTOLL 1
| #define HAVE_LONG_LONG 1
| #define HAVE_UNSIGNED_LONG_LONG 1
| /* end confdefs.h.  */
| #include <stdio.h>
| #ifdef HAVE_SYS_TYPES_H
| # include <sys/types.h>
| #endif
| #ifdef HAVE_SYS_STAT_H
| # include <sys/stat.h>
| #endif
| #ifdef STDC_HEADERS
| # include <stdlib.h>
| # include <stddef.h>
| #else
| # ifdef HAVE_STDLIB_H
| #  include <stdlib.h>
| # endif
| #endif
| #ifdef HAVE_STRING_H
| # if !defined STDC_HEADERS && defined HAVE_MEMORY_H
| #  include <memory.h>
| # endif
| # include <string.h>
| #endif
| #ifdef HAVE_STRINGS_H
| # include <strings.h>
| #endif
| #ifdef HAVE_INTTYPES_H
| # include <inttypes.h>
| #endif
| #ifdef HAVE_STDINT_H
| # include <stdint.h>
| #endif
| #ifdef HAVE_UNISTD_H
| # include <unistd.h>
| #endif
| int
| main ()
| {
| if (sizeof ((size_t)))
| 	    return 0;
|   ;
|   return 0;
| }
configure:18559: result: yes
configure:18576: checking for bcopy
configure:18576: arm-linux-androideabi-gcc -o conftest -march=armv7-a -mfloat-abi=softfp -mfpu=vfpv3-d16  -march=armv7-a -Wl,--fix-cortex-a8 -L/home/fallenworld/dev/android/build/arm-linux-androideabi/lib conftest.c  >&5
conftest.c:63:6: warning: conflicting types for built-in function 'bcopy'
 char bcopy ();
      ^
/tmp/ccNFCLTQ.o:conftest.c:function main: error: undefined reference to 'bcopy'
collect2: error: ld returned 1 exit status
configure:18576: $? = 1
configure: failed program was:
| /* confdefs.h */
| #define PACKAGE_NAME "PCRE"
| #define PACKAGE_TARNAME "pcre"
| #define PACKAGE_VERSION "8.40"
| #define PACKAGE_STRING "PCRE 8.40"
| #define PACKAGE_BUGREPORT ""
| #define PACKAGE_URL ""
| #define PACKAGE "pcre"
| #define VERSION "8.40"
| #define STDC_HEADERS 1
| #define HAVE_SYS_TYPES_H 1
| #define HAVE_SYS_STAT_H 1
| #define HAVE_STDLIB_H 1
| #define HAVE_STRING_H 1
| #define HAVE_MEMORY_H 1
| #define HAVE_STRINGS_H 1
| #define HAVE_INTTYPES_H 1
| #define HAVE_STDINT_H 1
| #define HAVE_UNISTD_H 1
| #define HAVE_DLFCN_H 1
| #define LT_OBJDIR ".libs/"
| #define PCRE_EXP_DECL extern __attribute__ ((visibility ("default")))
| #define PCRE_EXP_DEFN __attribute__ ((visibility ("default")))
| #define PCRE_EXP_DATA_DEFN __attribute__ ((visibility ("default")))
| #define PCREPOSIX_EXP_DECL extern __attribute__ ((visibility ("default")))
| #define PCREPOSIX_EXP_DEFN extern __attribute__ ((visibility ("default")))
| #define PCRECPP_EXP_DECL extern __attribute__ ((visibility ("default")))
| #define PCRECPP_EXP_DEFN __attribute__ ((visibility ("default")))
| #define HAVE_VISIBILITY 1
| #define STDC_HEADERS 1
| #define HAVE_LIMITS_H 1
| #define HAVE_SYS_TYPES_H 1
| #define HAVE_SYS_STAT_H 1
| #define HAVE_DIRENT_H 1
| #define HAVE_STRING 1
| #define HAVE_STRTOLL 1
| #define HAVE_LONG_LONG 1
| #define HAVE_UNSIGNED_LONG_LONG 1
| /* end confdefs.h.  */
| /* Define bcopy to an innocuous variant, in case <limits.h> declares bcopy.
|    For example, HP-UX 11i <limits.h> declares gettimeofday.  */
| #define bcopy innocuous_bcopy
| 
| /* System header to define __stub macros and hopefully few prototypes,
|     which can conflict with char bcopy (); below.
|     Prefer <limits.h> to <assert.h> if __STDC__ is defined, since
|     <limits.h> exists even on freestanding compilers.  */
| 
| #ifdef __STDC__
| # include <limits.h>
| #else
| # include <assert.h>
| #endif
| 
| #undef bcopy
| 
| /* Override any GCC internal prototype to avoid an error.
|    Use char because int might match the return type of a GCC
|    builtin and then its argument prototype would still apply.  */
| #ifdef __cplusplus
| extern "C"
| #endif
| char bcopy ();
| /* The GNU C library defines this for functions which it implements
|     to always fail with ENOSYS.  Some functions are actually named
|     something starting with __ and the normal name is an alias.  */
| #if defined __stub_bcopy || defined __stub___bcopy
| choke me
| #endif
| 
| int
| main ()
| {
| return bcopy ();
|   ;
|   return 0;
| }
configure:18576: result: no
configure:18576: checking for memmove
configure:18576: arm-linux-androideabi-gcc -o conftest -march=armv7-a -mfloat-abi=softfp -mfpu=vfpv3-d16  -march=armv7-a -Wl,--fix-cortex-a8 -L/home/fallenworld/dev/android/build/arm-linux-androideabi/lib conftest.c  >&5
conftest.c:63:6: warning: conflicting types for built-in function 'memmove'
 char memmove ();
      ^
configure:18576: $? = 0
configure:18576: result: yes
configure:18576: checking for strerror
configure:18576: arm-linux-androideabi-gcc -o conftest -march=armv7-a -mfloat-abi=softfp -mfpu=vfpv3-d16  -march=armv7-a -Wl,--fix-cortex-a8 -L/home/fallenworld/dev/android/build/arm-linux-androideabi/lib conftest.c  >&5
configure:18576: $? = 0
configure:18576: result: yes
configure:18590: checking zlib.h usability
configure:18590: arm-linux-androideabi-gcc -c -march=armv7-a -mfloat-abi=softfp -mfpu=vfpv3-d16  conftest.c >&5
configure:18590: $? = 0
configure:18590: result: yes
configure:18590: checking zlib.h presence
configure:18590: arm-linux-androideabi-gcc -E  conftest.c
configure:18590: $? = 0
configure:18590: result: yes
configure:18590: checking for zlib.h
configure:18590: result: yes
configure:18600: checking for gzopen in -lz
configure:18625: arm-linux-androideabi-gcc -o conftest -march=armv7-a -mfloat-abi=softfp -mfpu=vfpv3-d16  -march=armv7-a -Wl,--fix-cortex-a8 -L/home/fallenworld/dev/android/build/arm-linux-androideabi/lib conftest.c -lz   >&5
configure:18625: $? = 0
configure:18634: result: yes
configure:18659: checking bzlib.h usability
configure:18659: arm-linux-androideabi-gcc -c -march=armv7-a -mfloat-abi=softfp -mfpu=vfpv3-d16  conftest.c >&5
conftest.c:76:19: fatal error: bzlib.h: No such file or directory
 #include <bzlib.h>
                   ^
compilation terminated.
configure:18659: $? = 1
configure: failed program was:
| /* confdefs.h */
| #define PACKAGE_NAME "PCRE"
| #define PACKAGE_TARNAME "pcre"
| #define PACKAGE_VERSION "8.40"
| #define PACKAGE_STRING "PCRE 8.40"
| #define PACKAGE_BUGREPORT ""
| #define PACKAGE_URL ""
| #define PACKAGE "pcre"
| #define VERSION "8.40"
| #define STDC_HEADERS 1
| #define HAVE_SYS_TYPES_H 1
| #define HAVE_SYS_STAT_H 1
| #define HAVE_STDLIB_H 1
| #define HAVE_STRING_H 1
| #define HAVE_MEMORY_H 1
| #define HAVE_STRINGS_H 1
| #define HAVE_INTTYPES_H 1
| #define HAVE_STDINT_H 1
| #define HAVE_UNISTD_H 1
| #define HAVE_DLFCN_H 1
| #define LT_OBJDIR ".libs/"
| #define PCRE_EXP_DECL extern __attribute__ ((visibility ("default")))
| #define PCRE_EXP_DEFN __attribute__ ((visibility ("default")))
| #define PCRE_EXP_DATA_DEFN __attribute__ ((visibility ("default")))
| #define PCREPOSIX_EXP_DECL extern __attribute__ ((visibility ("default")))
| #define PCREPOSIX_EXP_DEFN extern __attribute__ ((visibility ("default")))
| #define PCRECPP_EXP_DECL extern __attribute__ ((visibility ("default")))
| #define PCRECPP_EXP_DEFN __attribute__ ((visibility ("default")))
| #define HAVE_VISIBILITY 1
| #define STDC_HEADERS 1
| #define HAVE_LIMITS_H 1
| #define HAVE_SYS_TYPES_H 1
| #define HAVE_SYS_STAT_H 1
| #define HAVE_DIRENT_H 1
| #define HAVE_STRING 1
| #define HAVE_STRTOLL 1
| #define HAVE_LONG_LONG 1
| #define HAVE_UNSIGNED_LONG_LONG 1
| #define HAVE_MEMMOVE 1
| #define HAVE_STRERROR 1
| #define HAVE_ZLIB_H 1
| /* end confdefs.h.  */
| #include <stdio.h>
| #ifdef HAVE_SYS_TYPES_H
| # include <sys/types.h>
| #endif
| #ifdef HAVE_SYS_STAT_H
| # include <sys/stat.h>
| #endif
| #ifdef STDC_HEADERS
| # include <stdlib.h>
| # include <stddef.h>
| #else
| # ifdef HAVE_STDLIB_H
| #  include <stdlib.h>
| # endif
| #endif
| #ifdef HAVE_STRING_H
| # if !defined STDC_HEADERS && defined HAVE_MEMORY_H
| #  include <memory.h>
| # endif
| # include <string.h>
| #endif
| #ifdef HAVE_STRINGS_H
| # include <strings.h>
| #endif
| #ifdef HAVE_INTTYPES_H
| # include <inttypes.h>
| #endif
| #ifdef HAVE_STDINT_H
| # include <stdint.h>
| #endif
| #ifdef HAVE_UNISTD_H
| # include <unistd.h>
| #endif
| #include <bzlib.h>
configure:18659: result: no
configure:18659: checking bzlib.h presence
configure:18659: arm-linux-androideabi-gcc -E  conftest.c
conftest.c:43:19: fatal error: bzlib.h: No such file or directory
 #include <bzlib.h>
                   ^
compilation terminated.
configure:18659: $? = 1
configure: failed program was:
| /* confdefs.h */
| #define PACKAGE_NAME "PCRE"
| #define PACKAGE_TARNAME "pcre"
| #define PACKAGE_VERSION "8.40"
| #define PACKAGE_STRING "PCRE 8.40"
| #define PACKAGE_BUGREPORT ""
| #define PACKAGE_URL ""
| #define PACKAGE "pcre"
| #define VERSION "8.40"
| #define STDC_HEADERS 1
| #define HAVE_SYS_TYPES_H 1
| #define HAVE_SYS_STAT_H 1
| #define HAVE_STDLIB_H 1
| #define HAVE_STRING_H 1
| #define HAVE_MEMORY_H 1
| #define HAVE_STRINGS_H 1
| #define HAVE_INTTYPES_H 1
| #define HAVE_STDINT_H 1
| #define HAVE_UNISTD_H 1
| #define HAVE_DLFCN_H 1
| #define LT_OBJDIR ".libs/"
| #define PCRE_EXP_DECL extern __attribute__ ((visibility ("default")))
| #define PCRE_EXP_DEFN __attribute__ ((visibility ("default")))
| #define PCRE_EXP_DATA_DEFN __attribute__ ((visibility ("default")))
| #define PCREPOSIX_EXP_DECL extern __attribute__ ((visibility ("default")))
| #define PCREPOSIX_EXP_DEFN extern __attribute__ ((visibility ("default")))
| #define PCRECPP_EXP_DECL extern __attribute__ ((visibility ("default")))
| #define PCRECPP_EXP_DEFN __attribute__ ((visibility ("default")))
| #define HAVE_VISIBILITY 1
| #define STDC_HEADERS 1
| #define HAVE_LIMITS_H 1
| #define HAVE_SYS_TYPES_H 1
| #define HAVE_SYS_STAT_H 1
| #define HAVE_DIRENT_H 1
| #define HAVE_STRING 1
| #define HAVE_STRTOLL 1
| #define HAVE_LONG_LONG 1
| #define HAVE_UNSIGNED_LONG_LONG 1
| #define HAVE_MEMMOVE 1
| #define HAVE_STRERROR 1
| #define HAVE_ZLIB_H 1
| /* end confdefs.h.  */
| #include <bzlib.h>
configure:18659: result: no
configure:18659: checking for bzlib.h
configure:18659: result: no
configure:18674: checking for libbz2
configure:18692: arm-linux-androideabi-gcc -o conftest -march=armv7-a -mfloat-abi=softfp -mfpu=vfpv3-d16  -march=armv7-a -Wl,--fix-cortex-a8 -L/home/fallenworld/dev/android/build/arm-linux-androideabi/lib conftest.c  -lbz2 >&5
/home/fallenworld/dev/android/build/bin/../lib/gcc/arm-linux-androideabi/4.9.x/../../../../arm-linux-androideabi/bin/ld: error: cannot find -lbz2
/tmp/ccBnFfl2.o:conftest.c:function main: error: undefined reference to 'BZ2_bzopen'
collect2: error: ld returned 1 exit status
configure:18692: $? = 1
configure: failed program was:
| /* confdefs.h */
| #define PACKAGE_NAME "PCRE"
| #define PACKAGE_TARNAME "pcre"
| #define PACKAGE_VERSION "8.40"
| #define PACKAGE_STRING "PCRE 8.40"
| #define PACKAGE_BUGREPORT ""
| #define PACKAGE_URL ""
| #define PACKAGE "pcre"
| #define VERSION "8.40"
| #define STDC_HEADERS 1
| #define HAVE_SYS_TYPES_H 1
| #define HAVE_SYS_STAT_H 1
| #define HAVE_STDLIB_H 1
| #define HAVE_STRING_H 1
| #define HAVE_MEMORY_H 1
| #define HAVE_STRINGS_H 1
| #define HAVE_INTTYPES_H 1
| #define HAVE_STDINT_H 1
| #define HAVE_UNISTD_H 1
| #define HAVE_DLFCN_H 1
| #define LT_OBJDIR ".libs/"
| #define PCRE_EXP_DECL extern __attribute__ ((visibility ("default")))
| #define PCRE_EXP_DEFN __attribute__ ((visibility ("default")))
| #define PCRE_EXP_DATA_DEFN __attribute__ ((visibility ("default")))
| #define PCREPOSIX_EXP_DECL extern __attribute__ ((visibility ("default")))
| #define PCREPOSIX_EXP_DEFN extern __attribute__ ((visibility ("default")))
| #define PCRECPP_EXP_DECL extern __attribute__ ((visibility ("default")))
| #define PCRECPP_EXP_DEFN __attribute__ ((visibility ("default")))
| #define HAVE_VISIBILITY 1
| #define STDC_HEADERS 1
| #define HAVE_LIMITS_H 1
| #define HAVE_SYS_TYPES_H 1
| #define HAVE_SYS_STAT_H 1
| #define HAVE_DIRENT_H 1
| #define HAVE_STRING 1
| #define HAVE_STRTOLL 1
| #define HAVE_LONG_LONG 1
| #define HAVE_UNSIGNED_LONG_LONG 1
| #define HAVE_MEMMOVE 1
| #define HAVE_STRERROR 1
| #define HAVE_ZLIB_H 1
| /* end confdefs.h.  */
| 
| #ifdef HAVE_BZLIB_H
| #include <bzlib.h>
| #endif
| int
| main ()
| {
| return (int)BZ2_bzopen("conftest", "rb");
|   ;
|   return 0;
| }
configure:18696: result: no
configure:20269: checking that generated files are newer than configure
configure:20275: result: done
configure:20342: creating ./config.status

## ---------------------- ##
## Running config.status. ##
## ---------------------- ##

This file was extended by PCRE config.status 8.40, which was
generated by GNU Autoconf 2.69.  Invocation command line was

  CONFIG_FILES    = 
  CONFIG_HEADERS  = 
  CONFIG_LINKS    = 
  CONFIG_COMMANDS = 
  $ ./config.status 

on fallenworld-Lenovo-IdeaPad-Y410P

config.status:1248: creating Makefile
config.status:1248: creating libpcre.pc
config.status:1248: creating libpcre16.pc
config.status:1248: creating libpcre32.pc
config.status:1248: creating libpcreposix.pc
config.status:1248: creating libpcrecpp.pc
config.status:1248: creating pcre-config
config.status:1248: creating pcre.h
config.status:1248: creating pcre_stringpiece.h
config.status:1248: creating pcrecpparg.h
config.status:1248: creating config.h
config.status:1429: config.h is unchanged
config.status:1477: executing depfiles commands
config.status:1477: executing libtool commands
config.status:1477: executing script-chmod commands
config.status:1477: executing delete-old-chartables commands

## ---------------- ##
## Cache variables. ##
## ---------------- ##

ac_cv_build=x86_64-unknown-linux-gnu
ac_cv_c_compiler_gnu=yes
ac_cv_c_const=yes
ac_cv_c_int64_t=yes
ac_cv_cxx_compiler_gnu=yes
ac_cv_env_CCC_set=
ac_cv_env_CCC_value=
ac_cv_env_CC_set=
ac_cv_env_CC_value=
ac_cv_env_CFLAGS_set=set
ac_cv_env_CFLAGS_value='-march=armv7-a -mfloat-abi=softfp -mfpu=vfpv3-d16'
ac_cv_env_CPPFLAGS_set=
ac_cv_env_CPPFLAGS_value=
ac_cv_env_CPP_set=
ac_cv_env_CPP_value=
ac_cv_env_CXXCPP_set=
ac_cv_env_CXXCPP_value=
ac_cv_env_CXXFLAGS_set=set
ac_cv_env_CXXFLAGS_value=-std=c++11
ac_cv_env_CXX_set=
ac_cv_env_CXX_value=
ac_cv_env_GENHTML_set=
ac_cv_env_GENHTML_value=
ac_cv_env_LCOV_set=
ac_cv_env_LCOV_value=
ac_cv_env_LDFLAGS_set=set
ac_cv_env_LDFLAGS_value='-march=armv7-a -Wl,--fix-cortex-a8 -L/home/fallenworld/dev/android/build/arm-linux-androideabi/lib'
ac_cv_env_LIBS_set=
ac_cv_env_LIBS_value=
ac_cv_env_LT_SYS_LIBRARY_PATH_set=
ac_cv_env_LT_SYS_LIBRARY_PATH_value=
ac_cv_env_PKG_CONFIG_LIBDIR_set=
ac_cv_env_PKG_CONFIG_LIBDIR_value=
ac_cv_env_PKG_CONFIG_PATH_set=
ac_cv_env_PKG_CONFIG_PATH_value=
ac_cv_env_PKG_CONFIG_set=
ac_cv_env_PKG_CONFIG_value=
ac_cv_env_VALGRIND_CFLAGS_set=
ac_cv_env_VALGRIND_CFLAGS_value=
ac_cv_env_VALGRIND_LIBS_set=
ac_cv_env_VALGRIND_LIBS_value=
ac_cv_env_build_alias_set=
ac_cv_env_build_alias_value=
ac_cv_env_host_alias_set=set
ac_cv_env_host_alias_value=arm-linux-androideabi
ac_cv_env_target_alias_set=
ac_cv_env_target_alias_value=
ac_cv_func_bcopy=no
ac_cv_func_memmove=yes
ac_cv_func_strerror=yes
ac_cv_header_bits_type_traits_h=no
ac_cv_header_bzlib_h=no
ac_cv_header_dirent_h=yes
ac_cv_header_dlfcn_h=yes
ac_cv_header_inttypes_h=yes
ac_cv_header_limits_h=yes
ac_cv_header_memory_h=yes
ac_cv_header_stdc=yes
ac_cv_header_stdint_h=yes
ac_cv_header_stdlib_h=yes
ac_cv_header_string=yes
ac_cv_header_string_h=yes
ac_cv_header_strings_h=yes
ac_cv_header_sys_stat_h=yes
ac_cv_header_sys_types_h=yes
ac_cv_header_type_traits_h=no
ac_cv_header_unistd_h=yes
ac_cv_header_windows_h=no
ac_cv_header_zlib_h=yes
ac_cv_host=arm-unknown-linux-androideabi
ac_cv_lib_z_gzopen=yes
ac_cv_objext=o
ac_cv_path_EGREP='/bin/grep -E'
ac_cv_path_FGREP='/bin/grep -F'
ac_cv_path_GREP=/bin/grep
ac_cv_path_SED=/bin/sed
ac_cv_path_install='/usr/bin/install -c'
ac_cv_path_lt_DD=/bin/dd
ac_cv_path_mkdir=/bin/mkdir
ac_cv_prog_AR=arm-linux-androideabi-ar
ac_cv_prog_AWK=mawk
ac_cv_prog_CC=arm-linux-androideabi-gcc
ac_cv_prog_CPP='arm-linux-androideabi-gcc -E'
ac_cv_prog_CXX=arm-linux-androideabi-g++
ac_cv_prog_CXXCPP='arm-linux-androideabi-g++ -E'
ac_cv_prog_DLLTOOL=dlltool
ac_cv_prog_OBJDUMP=objdump
ac_cv_prog_RANLIB=arm-linux-androideabi-ranlib
ac_cv_prog_STRIP=arm-linux-androideabi-strip
ac_cv_prog_ac_ct_MANIFEST_TOOL=mt
ac_cv_prog_cc_c89=
ac_cv_prog_cc_g=yes
ac_cv_prog_cxx_g=yes
ac_cv_prog_make_make_set=yes
ac_cv_type_long_long=yes
ac_cv_type_size_t=yes
ac_cv_type_unsigned_long_long=yes
am_cv_CC_dependencies_compiler_type=gcc3
am_cv_CXX_dependencies_compiler_type=gcc3
am_cv_ar_interface=ar
am_cv_make_support_nested_variables=yes
am_cv_prog_cc_c_o=yes
lt_cv_ar_at_file=@
lt_cv_archive_cmds_need_lc=no
lt_cv_deplibs_check_method=pass_all
lt_cv_file_magic_cmd='$MAGIC_CMD'
lt_cv_file_magic_test_file=
lt_cv_ld_reload_flag=-r
lt_cv_nm_interface='BSD nm'
lt_cv_objdir=.libs
lt_cv_path_LD=/home/fallenworld/dev/android/build/arm-linux-androideabi/bin/ld
lt_cv_path_LDCXX=/home/fallenworld/dev/android/build/arm-linux-androideabi/bin/ld
lt_cv_path_NM='/home/fallenworld/dev/android/build/bin/arm-linux-androideabi-nm -B'
lt_cv_path_mainfest_tool=no
lt_cv_prog_compiler_c_o=yes
lt_cv_prog_compiler_c_o_CXX=yes
lt_cv_prog_compiler_pic='-fPIC -DPIC'
lt_cv_prog_compiler_pic_CXX='-fPIC -DPIC'
lt_cv_prog_compiler_pic_works=yes
lt_cv_prog_compiler_pic_works_CXX=yes
lt_cv_prog_compiler_rtti_exceptions=no
lt_cv_prog_compiler_static_works=yes
lt_cv_prog_compiler_static_works_CXX=yes
lt_cv_prog_gnu_ld=yes
lt_cv_prog_gnu_ldcxx=yes
lt_cv_sharedlib_from_linklib_cmd='printf %s\n'
lt_cv_sys_global_symbol_pipe='sed -n -e '\''s/^.*[	 ]\([ABCDGIRSTW][ABCDGIRSTW]*\)[	 ][	 ]*\([_A-Za-z][_A-Za-z0-9]*\)$/\1 \2 \2/p'\'' | sed '\''/ __gnu_lto/d'\'''
lt_cv_sys_global_symbol_to_c_name_address='sed -n -e '\''s/^: \(.*\) .*$/  {"\1", (void *) 0},/p'\'' -e '\''s/^[ABCDGIRSTW][ABCDGIRSTW]* .* \(.*\)$/  {"\1", (void *) \&\1},/p'\'''
lt_cv_sys_global_symbol_to_c_name_address_lib_prefix='sed -n -e '\''s/^: \(.*\) .*$/  {"\1", (void *) 0},/p'\'' -e '\''s/^[ABCDGIRSTW][ABCDGIRSTW]* .* \(lib.*\)$/  {"\1", (void *) \&\1},/p'\'' -e '\''s/^[ABCDGIRSTW][ABCDGIRSTW]* .* \(.*\)$/  {"lib\1", (void *) \&\1},/p'\'''
lt_cv_sys_global_symbol_to_cdecl='sed -n -e '\''s/^T .* \(.*\)$/extern int \1();/p'\'' -e '\''s/^[ABCDGIRSTW][ABCDGIRSTW]* .* \(.*\)$/extern char \1;/p'\'''
lt_cv_sys_global_symbol_to_import=
lt_cv_sys_max_cmd_len=1572864
lt_cv_to_host_file_cmd=func_convert_file_noop
lt_cv_to_tool_file_cmd=func_convert_file_noop
lt_cv_truncate_bin='/bin/dd bs=4096 count=1'
pcre_cv_cc_vis_werror=yes
pcre_cv_cc_visibility=yes

## ----------------- ##
## Output variables. ##
## ----------------- ##

ACLOCAL='${SHELL} /home/fallenworld/dev/android/android-build-script/pcre-8.40/missing aclocal-1.15'
AMDEPBACKSLASH='\'
AMDEP_FALSE='#'
AMDEP_TRUE=''
AMTAR='$${TAR-tar}'
AM_BACKSLASH='\'
AM_DEFAULT_V='$(AM_DEFAULT_VERBOSITY)'
AM_DEFAULT_VERBOSITY='0'
AM_V='$(V)'
AR='arm-linux-androideabi-ar'
AS='as'
AUTOCONF='${SHELL} /home/fallenworld/dev/android/android-build-script/pcre-8.40/missing autoconf'
AUTOHEADER='${SHELL} /home/fallenworld/dev/android/android-build-script/pcre-8.40/missing autoheader'
AUTOMAKE='${SHELL} /home/fallenworld/dev/android/android-build-script/pcre-8.40/missing automake-1.15'
AWK='mawk'
CC='arm-linux-androideabi-gcc'
CCDEPMODE='depmode=gcc3'
CFLAGS='-march=armv7-a -mfloat-abi=softfp -mfpu=vfpv3-d16'
CPP='arm-linux-androideabi-gcc -E'
CPPFLAGS=''
CXX='arm-linux-androideabi-g++'
CXXCPP='arm-linux-androideabi-g++ -E'
CXXDEPMODE='depmode=gcc3'
CXXFLAGS='-std=c++11'
CYGPATH_W='echo'
DEFS='-DHAVE_CONFIG_H'
DEPDIR='.deps'
DISTCHECK_CONFIGURE_FLAGS='CFLAGS='\'''\'' CXXFLAGS='\'''\'' --enable-pcre16 --enable-pcre32 --enable-jit --enable-cpp --enable-unicode-properties'
DLLTOOL='dlltool'
DSYMUTIL=''
DUMPBIN=''
ECHO_C=''
ECHO_N='-n'
ECHO_T=''
EGREP='/bin/grep -E'
EXEEXT=''
EXTRA_LIBPCRE16_LDFLAGS='                         -version-info 2:8:2'
EXTRA_LIBPCRE32_LDFLAGS='                         -version-info 0:8:0'
EXTRA_LIBPCRECPP_LDFLAGS='                            -version-info 0:1:0                           '
EXTRA_LIBPCREPOSIX_LDFLAGS='                              -version-info 0:4:0'
EXTRA_LIBPCRE_LDFLAGS='                         -version-info 3:8:2'
FGREP='/bin/grep -F'
GCOV_CFLAGS=''
GCOV_CXXFLAGS=''
GCOV_LIBS=''
GENHTML=''
GREP='/bin/grep'
HAVE_VISIBILITY='1'
INSTALL_DATA='${INSTALL} -m 644'
INSTALL_PROGRAM='${INSTALL}'
INSTALL_SCRIPT='${INSTALL}'
INSTALL_STRIP_PROGRAM='$(install_sh) -c -s'
LCOV=''
LD='/home/fallenworld/dev/android/build/arm-linux-androideabi/bin/ld'
LDFLAGS='-march=armv7-a -Wl,--fix-cortex-a8 -L/home/fallenworld/dev/android/build/arm-linux-androideabi/lib'
LIBBZ2=''
LIBOBJS=''
LIBREADLINE=''
LIBS=''
LIBTOOL='$(SHELL) $(top_builddir)/libtool'
LIBZ=''
LIPO=''
LN_S='ln -s'
LTLIBOBJS=''
LT_SYS_LIBRARY_PATH=''
MAKEINFO='${SHELL} /home/fallenworld/dev/android/android-build-script/pcre-8.40/missing makeinfo'
MANIFEST_TOOL=':'
MKDIR_P='/bin/mkdir -p'
NM='/home/fallenworld/dev/android/build/bin/arm-linux-androideabi-nm -B'
NMEDIT=''
OBJDUMP='objdump'
OBJEXT='o'
OTOOL64=''
OTOOL=''
PACKAGE='pcre'
PACKAGE_BUGREPORT=''
PACKAGE_NAME='PCRE'
PACKAGE_STRING='PCRE 8.40'
PACKAGE_TARNAME='pcre'
PACKAGE_URL=''
PACKAGE_VERSION='8.40'
PATH_SEPARATOR=':'
PCRE_DATE='2017-01-11'
PCRE_MAJOR='8'
PCRE_MINOR='40'
PCRE_PRERELEASE=''
PCRE_STATIC_CFLAG=''
PKG_CONFIG=''
PKG_CONFIG_LIBDIR=''
PKG_CONFIG_PATH=''
PTHREAD_CC=''
PTHREAD_CFLAGS=''
PTHREAD_LIBS=''
RANLIB='arm-linux-androideabi-ranlib'
SED='/bin/sed'
SET_MAKE=''
SHELL='/bin/bash'
SHTOOL=''
STRIP='arm-linux-androideabi-strip'
VALGRIND_CFLAGS=''
VALGRIND_LIBS=''
VERSION='8.40'
VISIBILITY_CFLAGS='-fvisibility=hidden'
VISIBILITY_CXXFLAGS='-fvisibility=hidden -fvisibility-inlines-hidden'
WITH_GCOV_FALSE=''
WITH_GCOV_TRUE='#'
WITH_JIT_FALSE=''
WITH_JIT_TRUE='#'
WITH_PCRE16_FALSE=''
WITH_PCRE16_TRUE='#'
WITH_PCRE32_FALSE=''
WITH_PCRE32_TRUE='#'
WITH_PCRE8_FALSE='#'
WITH_PCRE8_TRUE=''
WITH_PCRE_CPP_FALSE='#'
WITH_PCRE_CPP_TRUE=''
WITH_REBUILD_CHARTABLES_FALSE=''
WITH_REBUILD_CHARTABLES_TRUE='#'
WITH_UTF_FALSE=''
WITH_UTF_TRUE='#'
WITH_VALGRIND_FALSE=''
WITH_VALGRIND_TRUE='#'
ac_ct_AR=''
ac_ct_CC=''
ac_ct_CXX=''
ac_ct_DUMPBIN=''
am__EXEEXT_FALSE=''
am__EXEEXT_TRUE='#'
am__fastdepCC_FALSE='#'
am__fastdepCC_TRUE=''
am__fastdepCXX_FALSE='#'
am__fastdepCXX_TRUE=''
am__include='include'
am__isrc=''
am__leading_dot='.'
am__nodep='_no'
am__quote=''
am__tar='$${TAR-tar} chof - "$$tardir"'
am__untar='$${TAR-tar} xf -'
ax_pthread_config=''
bindir='${exec_prefix}/bin'
build='x86_64-unknown-linux-gnu'
build_alias=''
build_cpu='x86_64'
build_os='linux-gnu'
build_vendor='unknown'
datadir='${datarootdir}'
datarootdir='${prefix}/share'
docdir='${datarootdir}/doc/${PACKAGE_TARNAME}'
dvidir='${docdir}'
enable_cpp='yes'
enable_pcre16='no'
enable_pcre32='no'
enable_pcre8='yes'
exec_prefix='${prefix}'
host='arm-unknown-linux-androideabi'
host_alias='arm-linux-androideabi'
host_cpu='arm'
host_os='linux-androideabi'
host_vendor='unknown'
htmldir='${docdir}/html'
includedir='${prefix}/include'
infodir='${datarootdir}/info'
install_sh='${SHELL} /home/fallenworld/dev/android/android-build-script/pcre-8.40/install-sh'
libdir='${exec_prefix}/lib'
libexecdir='${exec_prefix}/libexec'
localedir='${datarootdir}/locale'
localstatedir='${prefix}/var'
mandir='${datarootdir}/man'
mkdir_p='$(MKDIR_P)'
oldincludedir='/usr/include'
pcre_have_bits_type_traits='0'
pcre_have_long_long='1'
pcre_have_type_traits='0'
pcre_have_ulong_long='1'
pdfdir='${docdir}'
prefix='/home/fallenworld/dev/android/build/sysroot/usr'
program_transform_name='s,x,x,'
psdir='${docdir}'
runstatedir='${localstatedir}/run'
sbindir='${exec_prefix}/sbin'
sharedstatedir='${prefix}/com'
sysconfdir='${prefix}/etc'
target_alias=''

## ----------- ##
## confdefs.h. ##
## ----------- ##

/* confdefs.h */
#define PACKAGE_NAME "PCRE"
#define PACKAGE_TARNAME "pcre"
#define PACKAGE_VERSION "8.40"
#define PACKAGE_STRING "PCRE 8.40"
#define PACKAGE_BUGREPORT ""
#define PACKAGE_URL ""
#define PACKAGE "pcre"
#define VERSION "8.40"
#define STDC_HEADERS 1
#define HAVE_SYS_TYPES_H 1
#define HAVE_SYS_STAT_H 1
#define HAVE_STDLIB_H 1
#define HAVE_STRING_H 1
#define HAVE_MEMORY_H 1
#define HAVE_STRINGS_H 1
#define HAVE_INTTYPES_H 1
#define HAVE_STDINT_H 1
#define HAVE_UNISTD_H 1
#define HAVE_DLFCN_H 1
#define LT_OBJDIR ".libs/"
#define PCRE_EXP_DECL extern __attribute__ ((visibility ("default")))
#define PCRE_EXP_DEFN __attribute__ ((visibility ("default")))
#define PCRE_EXP_DATA_DEFN __attribute__ ((visibility ("default")))
#define PCREPOSIX_EXP_DECL extern __attribute__ ((visibility ("default")))
#define PCREPOSIX_EXP_DEFN extern __attribute__ ((visibility ("default")))
#define PCRECPP_EXP_DECL extern __attribute__ ((visibility ("default")))
#define PCRECPP_EXP_DEFN __attribute__ ((visibility ("default")))
#define HAVE_VISIBILITY 1
#define STDC_HEADERS 1
#define HAVE_LIMITS_H 1
#define HAVE_SYS_TYPES_H 1
#define HAVE_SYS_STAT_H 1
#define HAVE_DIRENT_H 1
#define HAVE_STRING 1
#define HAVE_STRTOLL 1
#define HAVE_LONG_LONG 1
#define HAVE_UNSIGNED_LONG_LONG 1
#define HAVE_MEMMOVE 1
#define HAVE_STRERROR 1
#define HAVE_ZLIB_H 1
#define SUPPORT_PCRE8 /**/
#define PCREGREP_BUFSIZE 20480
#define NEWLINE 10
#define LINK_SIZE 2
#define POSIX_MALLOC_THRESHOLD 10
#define PARENS_NEST_LIMIT 250
#define MATCH_LIMIT 10000000
#define MATCH_LIMIT_RECURSION MATCH_LIMIT
#define MAX_NAME_SIZE 32
#define MAX_NAME_COUNT 10000

configure: exit 0
